############
3rd-Party
############
/var/satellite/3rd-Party
/var/satellite/3rd-Party/epel-release-latest-7.noarch.rpm
/var/satellite/3rd-Party/fontpackages-filesystem-1.44-8.el7.noarch.rpm
/var/satellite/3rd-Party/libappindicator-12.10.0-13.el7.x86_64.rpm
/var/satellite/3rd-Party/libappindicator-gtk3-12.10.0-13.el7.x86_64.rpm
/var/satellite/3rd-Party/libdbusmenu-16.04.0-4.el7.x86_64.rpm
/var/satellite/3rd-Party/libdbusmenu-gtk2-16.04.0-4.el7.x86_64.rpm
/var/satellite/3rd-Party/libdbusmenu-gtk3-16.04.0-4.el7.x86_64.rpm
/var/satellite/3rd-Party/liberation-fonts-1.07.2-16.el7.noarch.rpm
/var/satellite/3rd-Party/liberation-fonts-common-1.07.2-16.el7.noarch.rpm
/var/satellite/3rd-Party/liberation-narrow-fonts-1.07.2-16.el7.noarch.rpm
/var/satellite/3rd-Party/liberation-sans-fonts-1.07.2-16.el7.noarch.rpm
/var/satellite/3rd-Party/liberation-serif-fonts-1.07.2-16.el7.noarch.rpm
/var/satellite/3rd-Party/libindicator-12.10.1-6.el7.x86_64.rpm
/var/satellite/3rd-Party/libindicator-gtk3-12.10.1-6.el7.x86_64.rpm
/var/satellite/3rd-Party/selinux-policy-3.13.1-252.el7.1.noarch.rpm
/var/satellite/3rd-Party/selinux-policy-devel-3.13.1-252.el7.1.noarch.rpm
/var/satellite/3rd-Party/selinux-policy-targeted-3.13.1-252.el7.1.noarch.rpm
/var/satellite/3rd-Party/xorgxrdp-0.2.11-1.el7.x86_64.rpm
/var/satellite/3rd-Party/xrdp-selinux-0.9.11-5.el7.x86_64.rpm
/var/satellite/3rd-Party/aspnetcore-runtime-3.1.0-x64.rpm
/var/satellite/3rd-Party/dotnet-host-3.1.0-x64.rpm
/var/satellite/3rd-Party/dotnet-hostfxr-3.1.0-x64.rpm
/var/satellite/3rd-Party/dotnet-runtime-3.1.0-x64.rpm
/var/satellite/3rd-Party/dotnet-runtime-deps-3.1.0-rhel.7-x64.rpm
/var/satellite/3rd-Party/dotnet-sdk-3.1.100-x64.rpm
/var/satellite/3rd-Party/dotnet-apphost-pack-3.1.0-x64.rpm
/var/satellite/3rd-Party/dotnet-targeting-pack-3.1.0-x64.rpm
/var/satellite/3rd-Party/aspnetcore-targeting-pack-3.1.0.rpm
/var/satellite/3rd-Party/netstandard-targeting-pack-2.1.0-x64.rpm
/var/satellite/3rd-Party/code-1.41.1-1576681965.el7.x86_64.rpm
/var/satellite/3rd-Party/Postman-linux-x64-7.14.0.tar.gz
/var/satellite/3rd-Party/falcon-sensor-5.23.0-8705.el7.x86_64.rpm
/var/satellite/3rd-Party/git222-2.22.2-1.el7.ius.x86_64.rpm
/var/satellite/3rd-Party/perl-Git-1.8.3.1-20.el7.noarch.rpm
/var/satellite/3rd-Party/git222-core-2.22.2-1.el7.ius.x86_64.rpm
/var/satellite/3rd-Party/git222-core-doc-2.22.2-1.el7.ius.noarch.rpm
/var/satellite/3rd-Party/git222-perl-Git-2.22.2-1.el7.ius.noarch.rpm
/var/satellite/3rd-Party/BC4Key.txt
/var/satellite/3rd-Party/needs-restarting.py
/var/satellite/3rd-Party/selinux-policy-3.13.1-252.el7_7.6.noarch.rpm
/var/satellite/3rd-Party/selinux-policy-devel-3.13.1-252.el7_7.6.noarch.rpm
/var/satellite/3rd-Party/selinux-policy-targeted-3.13.1-252.el7_7.6.noarch.rpm
/var/satellite/3rd-Party/aspnetcore-runtime-2.2.4-x64.rpm
/var/satellite/3rd-Party/bcompare-4.3.2.24472.x86_64.rpm
/var/satellite/3rd-Party/code-1.40.1-1573664332.el7.x86_64.rpm
/var/satellite/3rd-Party/dbeaver-ce-6.2.5-stable.x86_64.rpm
/var/satellite/3rd-Party/dotnet-host-2.2.4-x64.rpm
/var/satellite/3rd-Party/dotnet-hostfxr-2.2.4-x64.rpm
/var/satellite/3rd-Party/dotnet-runtime-2.2.4-x64.rpm
/var/satellite/3rd-Party/dotnet-runtime-deps-2.2.4-rhel.7-x64.rpm
/var/satellite/3rd-Party/dotnet-sdk-2.2.203-x64.rpm
/var/satellite/3rd-Party/xrdp-0.9.11-5.el7.x86_64.rpm
/var/satellite/3rd-Party/Ivanti
/var/satellite/3rd-Party/Ivanti/install.sh
/var/satellite/3rd-Party/Ivanti/ISecAgent-9.4.410536-1.x86_64.rpm
/var/satellite/3rd-Party/Ivanti/ISecAgent-Centos7.tar
/var/satellite/3rd-Party/Ivanti/ISecAgentPatchCent7-9.4.410536-1.x86_64.rpm
/var/satellite/3rd-Party/Ivanti/ISecAgentPatch-Centos7.tar
/var/satellite/3rd-Party/Ivanti/ISECCert.cer
/var/satellite/3rd-Party/Ivanti/Passphrase.txt


#################
RHN-Register
#################
/var/satellite/RHN-Register
/var/satellite/RHN-Register/libnl-1.1.4-3.el7.x86_64.rpm
/var/satellite/RHN-Register/m2crypto-0.21.1-17.el7.x86_64.rpm
/var/satellite/RHN-Register/pyOpenSSL-0.13.1-4.el7.x86_64.rpm
/var/satellite/RHN-Register/python-dmidecode-3.12.2-3.el7.x86_64.rpm
/var/satellite/RHN-Register/python-ethtool-0.8-8.el7.x86_64.rpm
/var/satellite/RHN-Register/python-gudev-147.2-7.el7.x86_64.rpm
/var/satellite/RHN-Register/python-hwdata-1.7.3-4.el7.noarch.rpm
/var/satellite/RHN-Register/rhn-check-2.0.2-24.el7.x86_64.rpm
/var/satellite/RHN-Register/rhn-client-tools-2.0.2-24.el7.x86_64.rpm
/var/satellite/RHN-Register/rhnlib-2.5.65-8.el7.noarch.rpm
/var/satellite/RHN-Register/rhnsd-5.0.13-10.el7.x86_64.rpm
/var/satellite/RHN-Register/rhn-setup-2.0.2-24.el7.x86_64.rpm
/var/satellite/RHN-Register/yum-rhn-plugin-2.0.1-10.el7.noarch.rpm
/var/satellite/RHN-Register/lnlxpoc01.rpmList
/var/satellite/RHN-Register/osad-5.11.107-1.el7.noarch.rpm
/var/satellite/RHN-Register/python2-osad-5.11.107-1.el7.noarch.rpm
/var/satellite/RHN-Register/python2-rhnlib-2.9.5-1.el7.noarch.rpm
/var/satellite/RHN-Register/python2-spacewalk-usix-2.9.1-1.el7.noarch.rpm
/var/satellite/RHN-Register/spacewalk-usix-2.9.1-1.el7.noarch.rpm
/var/satellite/RHN-Register/python2-osa-common-5.11.107-1.el7.noarch.rpm
/var/satellite/RHN-Register/python2-rhn-client-tools-2.9.36-1.el7.noarch.rpm
/var/satellite/RHN-Register/rhn-client-tools-2.9.36-1.el7.noarch.rpm
/var/satellite/RHN-Register/rhn-check-2.9.36-1.el7.noarch.rpm
/var/satellite/RHN-Register/rhn-setup-2.9.36-1.el7.noarch.rpm
/var/satellite/RHN-Register/python2-rhn-check-2.9.36-1.el7.noarch.rpm
/var/satellite/RHN-Register/python2-rhn-setup-2.9.36-1.el7.noarch.rpm
/var/satellite/RHN-Register/jabberpy-0.5-0.27.el7.noarch.rpm
/var/satellite/RHN-Register/yum-rhn-plugin-2.9.5-1.el7.noarch.rpm
/var/satellite/RHN-Register/spacewalk-oscap-2.9.5-1.el7.noarch.rpm
/var/satellite/RHN-Register/python2-spacewalk-oscap-2.9.5-1.el7.noarch.rpm


######################
ECA
######################
/var/satellite/ECA
/var/satellite/ECA/.git
/var/satellite/ECA/.git/branches
/var/satellite/ECA/.git/description
/var/satellite/ECA/.git/hooks
/var/satellite/ECA/.git/hooks/applypatch-msg.sample
/var/satellite/ECA/.git/hooks/commit-msg.sample
/var/satellite/ECA/.git/hooks/post-update.sample
/var/satellite/ECA/.git/hooks/pre-applypatch.sample
/var/satellite/ECA/.git/hooks/pre-commit.sample
/var/satellite/ECA/.git/hooks/pre-push.sample
/var/satellite/ECA/.git/hooks/pre-receive.sample
/var/satellite/ECA/.git/hooks/update.sample
/var/satellite/ECA/.git/hooks/fsmonitor-watchman.sample
/var/satellite/ECA/.git/hooks/pre-rebase.sample
/var/satellite/ECA/.git/hooks/prepare-commit-msg.sample
/var/satellite/ECA/.git/info
/var/satellite/ECA/.git/info/exclude
/var/satellite/ECA/.git/refs
/var/satellite/ECA/.git/refs/heads
/var/satellite/ECA/.git/refs/heads/master
/var/satellite/ECA/.git/refs/tags
/var/satellite/ECA/.git/refs/remotes
/var/satellite/ECA/.git/refs/remotes/origin
/var/satellite/ECA/.git/refs/remotes/origin/HEAD
/var/satellite/ECA/.git/HEAD
/var/satellite/ECA/.git/config
/var/satellite/ECA/.git/objects
/var/satellite/ECA/.git/objects/pack
/var/satellite/ECA/.git/objects/info
/var/satellite/ECA/.git/objects/c7
/var/satellite/ECA/.git/objects/c7/9c781e4dda97757964a14931339c930c11b5de
/var/satellite/ECA/.git/objects/a4
/var/satellite/ECA/.git/objects/a4/9670097a2acff6f0bf15b2317722e5fe6b6126
/var/satellite/ECA/.git/objects/37
/var/satellite/ECA/.git/objects/37/c8c66eaa273f87f9d6e2266ecb9a242127dd3e
/var/satellite/ECA/.git/packed-refs
/var/satellite/ECA/.git/logs
/var/satellite/ECA/.git/logs/refs
/var/satellite/ECA/.git/logs/refs/remotes
/var/satellite/ECA/.git/logs/refs/remotes/origin
/var/satellite/ECA/.git/logs/refs/remotes/origin/HEAD
/var/satellite/ECA/.git/logs/refs/heads
/var/satellite/ECA/.git/logs/refs/heads/master
/var/satellite/ECA/.git/logs/HEAD
/var/satellite/ECA/.git/index
/var/satellite/ECA/README.md


###################
custom-files
###################
/var/satellite/custom-files
/var/satellite/custom-files/NuGet.Config
/var/satellite/custom-files/ECA_snmpd.conf
/var/satellite/custom-files/krb5.conf
/var/satellite/custom-files/nsswitch.conf
/var/satellite/custom-files/.vscode
/var/satellite/custom-files/.vscode/argv.json
/var/satellite/custom-files/.vscode/extensions
/var/satellite/custom-files/.vscode/extensions/ms-vscode.csharp-1.21.11
/var/satellite/custom-files/.vscode/extensions/ms-vscode.csharp-1.21.11/.vsixmanifest
/var/satellite/custom-files/.vscode/extensions/ms-vscode.csharp-1.21.11/CHANGELOG.md
/var/satellite/custom-files/.vscode/extensions/ms-vscode.csharp-1.21.11/debugger-launchjson.md
/var/satellite/custom-files/.vscode/extensions/ms-vscode.csharp-1.21.11/debugger.md
/var/satellite/custom-files/.vscode/extensions/ms-vscode.csharp-1.21.11/dist
/var/satellite/custom-files/.vscode/extensions/ms-vscode.csharp-1.21.11/dist/extension.js
/var/satellite/custom-files/.vscode/extensions/ms-vscode.csharp-1.21.11/images
/var/satellite/custom-files/.vscode/extensions/ms-vscode.csharp-1.21.11/images/csharpIcon.png
/var/satellite/custom-files/.vscode/extensions/ms-vscode.csharp-1.21.11/LICENSE.txt
/var/satellite/custom-files/.vscode/extensions/ms-vscode.csharp-1.21.11/package.json
/var/satellite/custom-files/.vscode/extensions/ms-vscode.csharp-1.21.11/packages-microsoft-prod.deb
/var/satellite/custom-files/.vscode/extensions/ms-vscode.csharp-1.21.11/README.md
/var/satellite/custom-files/.vscode/extensions/ms-vscode.csharp-1.21.11/RuntimeLicenses
/var/satellite/custom-files/.vscode/extensions/ms-vscode.csharp-1.21.11/RuntimeLicenses/dependencies
/var/satellite/custom-files/.vscode/extensions/ms-vscode.csharp-1.21.11/RuntimeLicenses/dependencies/OpenDebugAD7-License.txt
/var/satellite/custom-files/.vscode/extensions/ms-vscode.csharp-1.21.11/RuntimeLicenses/license.txt
/var/satellite/custom-files/.vscode/extensions/ms-vscode.csharp-1.21.11/scripts
/var/satellite/custom-files/.vscode/extensions/ms-vscode.csharp-1.21.11/scripts/remoteProcessPickerScript
/var/satellite/custom-files/.vscode/extensions/ms-vscode.csharp-1.21.11/snippets
/var/satellite/custom-files/.vscode/extensions/ms-vscode.csharp-1.21.11/snippets/csharp.json
/var/satellite/custom-files/.vscode/extensions/ms-vscode.csharp-1.21.11/src
/var/satellite/custom-files/.vscode/extensions/ms-vscode.csharp-1.21.11/src/razor
/var/satellite/custom-files/.vscode/extensions/ms-vscode.csharp-1.21.11/src/razor/language-configuration.json
/var/satellite/custom-files/.vscode/extensions/ms-vscode.csharp-1.21.11/src/razor/syntaxes
/var/satellite/custom-files/.vscode/extensions/ms-vscode.csharp-1.21.11/src/razor/syntaxes/aspnetcorerazor.tmLanguage.json
/var/satellite/custom-files/.vscode/extensions/ms-vscode.csharp-1.21.11/ThirdPartyNotices.txt
/var/satellite/custom-files/.vscode/extensions/dbaeumer.vscode-eslint-2.0.14
/var/satellite/custom-files/.vscode/extensions/dbaeumer.vscode-eslint-2.0.14/.vsixmanifest
/var/satellite/custom-files/.vscode/extensions/dbaeumer.vscode-eslint-2.0.14/.eslintignore
/var/satellite/custom-files/.vscode/extensions/dbaeumer.vscode-eslint-2.0.14/.travis.yml.off
/var/satellite/custom-files/.vscode/extensions/dbaeumer.vscode-eslint-2.0.14/CHANGELOG.md
/var/satellite/custom-files/.vscode/extensions/dbaeumer.vscode-eslint-2.0.14/client
/var/satellite/custom-files/.vscode/extensions/dbaeumer.vscode-eslint-2.0.14/client/out
/var/satellite/custom-files/.vscode/extensions/dbaeumer.vscode-eslint-2.0.14/client/out/extension.js
/var/satellite/custom-files/.vscode/extensions/dbaeumer.vscode-eslint-2.0.14/eslint_icon.png
/var/satellite/custom-files/.vscode/extensions/dbaeumer.vscode-eslint-2.0.14/history
/var/satellite/custom-files/.vscode/extensions/dbaeumer.vscode-eslint-2.0.14/history/settings_1_9_x.md
/var/satellite/custom-files/.vscode/extensions/dbaeumer.vscode-eslint-2.0.14/License.txt
/var/satellite/custom-files/.vscode/extensions/dbaeumer.vscode-eslint-2.0.14/package.json
/var/satellite/custom-files/.vscode/extensions/dbaeumer.vscode-eslint-2.0.14/README.md
/var/satellite/custom-files/.vscode/extensions/dbaeumer.vscode-eslint-2.0.14/scrapbook.js
/var/satellite/custom-files/.vscode/extensions/dbaeumer.vscode-eslint-2.0.14/server
/var/satellite/custom-files/.vscode/extensions/dbaeumer.vscode-eslint-2.0.14/server/out
/var/satellite/custom-files/.vscode/extensions/dbaeumer.vscode-eslint-2.0.14/server/out/eslintServer.js
/var/satellite/custom-files/.vscode/extensions/dbaeumer.vscode-eslint-2.0.14/ThirdPartyNotices.txt
/var/satellite/custom-files/.vscode/extensions/firefox-devtools.vscode-firefox-debug-2.6.1
/var/satellite/custom-files/.vscode/extensions/firefox-devtools.vscode-firefox-debug-2.6.1/.vsixmanifest
/var/satellite/custom-files/.vscode/extensions/firefox-devtools.vscode-firefox-debug-2.6.1/CHANGELOG.md
/var/satellite/custom-files/.vscode/extensions/firefox-devtools.vscode-firefox-debug-2.6.1/dist
/var/satellite/custom-files/.vscode/extensions/firefox-devtools.vscode-firefox-debug-2.6.1/dist/adapter.bundle.js
/var/satellite/custom-files/.vscode/extensions/firefox-devtools.vscode-firefox-debug-2.6.1/dist/extension.bundle.js
/var/satellite/custom-files/.vscode/extensions/firefox-devtools.vscode-firefox-debug-2.6.1/dist/launcher.bundle.js
/var/satellite/custom-files/.vscode/extensions/firefox-devtools.vscode-firefox-debug-2.6.1/dist/mappings.wasm
/var/satellite/custom-files/.vscode/extensions/firefox-devtools.vscode-firefox-debug-2.6.1/icon.png
/var/satellite/custom-files/.vscode/extensions/firefox-devtools.vscode-firefox-debug-2.6.1/LICENSE.txt
/var/satellite/custom-files/.vscode/extensions/firefox-devtools.vscode-firefox-debug-2.6.1/package.json
/var/satellite/custom-files/.vscode/extensions/firefox-devtools.vscode-firefox-debug-2.6.1/README.md
/var/satellite/custom-files/.vscode/extensions/firefox-devtools.vscode-firefox-debug-2.6.1/terminator
/var/satellite/custom-files/.vscode/extensions/firefox-devtools.vscode-firefox-debug-2.6.1/terminator/main.js
/var/satellite/custom-files/.vscode/extensions/firefox-devtools.vscode-firefox-debug-2.6.1/terminator/manifest.json
/var/satellite/custom-files/.vscode/extensions/msjsdiag.debugger-for-chrome-4.12.6
/var/satellite/custom-files/.vscode/extensions/msjsdiag.debugger-for-chrome-4.12.6/.vsixmanifest
/var/satellite/custom-files/.vscode/extensions/msjsdiag.debugger-for-chrome-4.12.6/.github
/var/satellite/custom-files/.vscode/extensions/msjsdiag.debugger-for-chrome-4.12.6/.github/assignment.yml
/var/satellite/custom-files/.vscode/extensions/msjsdiag.debugger-for-chrome-4.12.6/.github/locker.yml
/var/satellite/custom-files/.vscode/extensions/msjsdiag.debugger-for-chrome-4.12.6/.github/needs_more_info.yml
/var/satellite/custom-files/.vscode/extensions/msjsdiag.debugger-for-chrome-4.12.6/.gitignore
/var/satellite/custom-files/.vscode/extensions/msjsdiag.debugger-for-chrome-4.12.6/.npmignore
/var/satellite/custom-files/.vscode/extensions/msjsdiag.debugger-for-chrome-4.12.6/.vsts
/var/satellite/custom-files/.vscode/extensions/msjsdiag.debugger-for-chrome-4.12.6/.vsts/.vsts-ci.yml
/var/satellite/custom-files/.vscode/extensions/msjsdiag.debugger-for-chrome-4.12.6/.vsts/job.yml
/var/satellite/custom-files/.vscode/extensions/msjsdiag.debugger-for-chrome-4.12.6/CHANGELOG.md
/var/satellite/custom-files/.vscode/extensions/msjsdiag.debugger-for-chrome-4.12.6/i18n
/var/satellite/custom-files/.vscode/extensions/msjsdiag.debugger-for-chrome-4.12.6/i18n/chs
/var/satellite/custom-files/.vscode/extensions/msjsdiag.debugger-for-chrome-4.12.6/i18n/chs/out
/var/satellite/custom-files/.vscode/extensions/msjsdiag.debugger-for-chrome-4.12.6/i18n/chs/out/src
/var/satellite/custom-files/.vscode/extensions/msjsdiag.debugger-for-chrome-4.12.6/i18n/chs/out/src/chromeDebugAdapter.i18n.json
/var/satellite/custom-files/.vscode/extensions/msjsdiag.debugger-for-chrome-4.12.6/i18n/chs/out/src/errors.i18n.json
/var/satellite/custom-files/.vscode/extensions/msjsdiag.debugger-for-chrome-4.12.6/i18n/chs/out/src/extension.i18n.json
/var/satellite/custom-files/.vscode/extensions/msjsdiag.debugger-for-chrome-4.12.6/i18n/chs/package.i18n.json
/var/satellite/custom-files/.vscode/extensions/msjsdiag.debugger-for-chrome-4.12.6/i18n/cht
/var/satellite/custom-files/.vscode/extensions/msjsdiag.debugger-for-chrome-4.12.6/i18n/cht/out
/var/satellite/custom-files/.vscode/extensions/msjsdiag.debugger-for-chrome-4.12.6/i18n/cht/out/src
/var/satellite/custom-files/.vscode/extensions/msjsdiag.debugger-for-chrome-4.12.6/i18n/cht/out/src/chromeDebugAdapter.i18n.json
/var/satellite/custom-files/.vscode/extensions/msjsdiag.debugger-for-chrome-4.12.6/i18n/cht/out/src/errors.i18n.json
/var/satellite/custom-files/.vscode/extensions/msjsdiag.debugger-for-chrome-4.12.6/i18n/cht/out/src/extension.i18n.json
/var/satellite/custom-files/.vscode/extensions/msjsdiag.debugger-for-chrome-4.12.6/i18n/cht/package.i18n.json
/var/satellite/custom-files/.vscode/extensions/msjsdiag.debugger-for-chrome-4.12.6/i18n/deu
/var/satellite/custom-files/.vscode/extensions/msjsdiag.debugger-for-chrome-4.12.6/i18n/deu/out
/var/satellite/custom-files/.vscode/extensions/msjsdiag.debugger-for-chrome-4.12.6/i18n/deu/out/src
/var/satellite/custom-files/.vscode/extensions/msjsdiag.debugger-for-chrome-4.12.6/i18n/deu/out/src/chromeDebugAdapter.i18n.json
/var/satellite/custom-files/.vscode/extensions/msjsdiag.debugger-for-chrome-4.12.6/i18n/deu/out/src/errors.i18n.json
/var/satellite/custom-files/.vscode/extensions/msjsdiag.debugger-for-chrome-4.12.6/i18n/deu/out/src/extension.i18n.json
/var/satellite/custom-files/.vscode/extensions/msjsdiag.debugger-for-chrome-4.12.6/i18n/deu/package.i18n.json
/var/satellite/custom-files/.vscode/extensions/msjsdiag.debugger-for-chrome-4.12.6/i18n/esn
/var/satellite/custom-files/.vscode/extensions/msjsdiag.debugger-for-chrome-4.12.6/i18n/esn/out
/var/satellite/custom-files/.vscode/extensions/msjsdiag.debugger-for-chrome-4.12.6/i18n/esn/out/src
/var/satellite/custom-files/.vscode/extensions/msjsdiag.debugger-for-chrome-4.12.6/i18n/esn/out/src/chromeDebugAdapter.i18n.json
/var/satellite/custom-files/.vscode/extensions/msjsdiag.debugger-for-chrome-4.12.6/i18n/esn/out/src/errors.i18n.json
/var/satellite/custom-files/.vscode/extensions/msjsdiag.debugger-for-chrome-4.12.6/i18n/esn/out/src/extension.i18n.json
/var/satellite/custom-files/.vscode/extensions/msjsdiag.debugger-for-chrome-4.12.6/i18n/esn/package.i18n.json
/var/satellite/custom-files/.vscode/extensions/msjsdiag.debugger-for-chrome-4.12.6/i18n/fra
/var/satellite/custom-files/.vscode/extensions/msjsdiag.debugger-for-chrome-4.12.6/i18n/fra/out
/var/satellite/custom-files/.vscode/extensions/msjsdiag.debugger-for-chrome-4.12.6/i18n/fra/out/src
/var/satellite/custom-files/.vscode/extensions/msjsdiag.debugger-for-chrome-4.12.6/i18n/fra/out/src/chromeDebugAdapter.i18n.json
/var/satellite/custom-files/.vscode/extensions/msjsdiag.debugger-for-chrome-4.12.6/i18n/fra/out/src/errors.i18n.json
/var/satellite/custom-files/.vscode/extensions/msjsdiag.debugger-for-chrome-4.12.6/i18n/fra/out/src/extension.i18n.json
/var/satellite/custom-files/.vscode/extensions/msjsdiag.debugger-for-chrome-4.12.6/i18n/fra/package.i18n.json
/var/satellite/custom-files/.vscode/extensions/msjsdiag.debugger-for-chrome-4.12.6/i18n/ita
/var/satellite/custom-files/.vscode/extensions/msjsdiag.debugger-for-chrome-4.12.6/i18n/ita/out
/var/satellite/custom-files/.vscode/extensions/msjsdiag.debugger-for-chrome-4.12.6/i18n/ita/out/src
/var/satellite/custom-files/.vscode/extensions/msjsdiag.debugger-for-chrome-4.12.6/i18n/ita/out/src/chromeDebugAdapter.i18n.json
/var/satellite/custom-files/.vscode/extensions/msjsdiag.debugger-for-chrome-4.12.6/i18n/ita/out/src/errors.i18n.json
/var/satellite/custom-files/.vscode/extensions/msjsdiag.debugger-for-chrome-4.12.6/i18n/ita/out/src/extension.i18n.json
/var/satellite/custom-files/.vscode/extensions/msjsdiag.debugger-for-chrome-4.12.6/i18n/ita/package.i18n.json
/var/satellite/custom-files/.vscode/extensions/msjsdiag.debugger-for-chrome-4.12.6/i18n/jpn
/var/satellite/custom-files/.vscode/extensions/msjsdiag.debugger-for-chrome-4.12.6/i18n/jpn/out
/var/satellite/custom-files/.vscode/extensions/msjsdiag.debugger-for-chrome-4.12.6/i18n/jpn/out/src
/var/satellite/custom-files/.vscode/extensions/msjsdiag.debugger-for-chrome-4.12.6/i18n/jpn/out/src/chromeDebugAdapter.i18n.json
/var/satellite/custom-files/.vscode/extensions/msjsdiag.debugger-for-chrome-4.12.6/i18n/jpn/out/src/errors.i18n.json
/var/satellite/custom-files/.vscode/extensions/msjsdiag.debugger-for-chrome-4.12.6/i18n/jpn/out/src/extension.i18n.json
/var/satellite/custom-files/.vscode/extensions/msjsdiag.debugger-for-chrome-4.12.6/i18n/jpn/package.i18n.json
/var/satellite/custom-files/.vscode/extensions/msjsdiag.debugger-for-chrome-4.12.6/i18n/kor
/var/satellite/custom-files/.vscode/extensions/msjsdiag.debugger-for-chrome-4.12.6/i18n/kor/out
/var/satellite/custom-files/.vscode/extensions/msjsdiag.debugger-for-chrome-4.12.6/i18n/kor/out/src
/var/satellite/custom-files/.vscode/extensions/msjsdiag.debugger-for-chrome-4.12.6/i18n/kor/out/src/chromeDebugAdapter.i18n.json
/var/satellite/custom-files/.vscode/extensions/msjsdiag.debugger-for-chrome-4.12.6/i18n/kor/out/src/errors.i18n.json
/var/satellite/custom-files/.vscode/extensions/msjsdiag.debugger-for-chrome-4.12.6/i18n/kor/out/src/extension.i18n.json
/var/satellite/custom-files/.vscode/extensions/msjsdiag.debugger-for-chrome-4.12.6/i18n/kor/package.i18n.json
/var/satellite/custom-files/.vscode/extensions/msjsdiag.debugger-for-chrome-4.12.6/i18n/rus
/var/satellite/custom-files/.vscode/extensions/msjsdiag.debugger-for-chrome-4.12.6/i18n/rus/out
/var/satellite/custom-files/.vscode/extensions/msjsdiag.debugger-for-chrome-4.12.6/i18n/rus/out/src
/var/satellite/custom-files/.vscode/extensions/msjsdiag.debugger-for-chrome-4.12.6/i18n/rus/out/src/chromeDebugAdapter.i18n.json
/var/satellite/custom-files/.vscode/extensions/msjsdiag.debugger-for-chrome-4.12.6/i18n/rus/out/src/errors.i18n.json
/var/satellite/custom-files/.vscode/extensions/msjsdiag.debugger-for-chrome-4.12.6/i18n/rus/out/src/extension.i18n.json
/var/satellite/custom-files/.vscode/extensions/msjsdiag.debugger-for-chrome-4.12.6/i18n/rus/package.i18n.json
/var/satellite/custom-files/.vscode/extensions/msjsdiag.debugger-for-chrome-4.12.6/images
/var/satellite/custom-files/.vscode/extensions/msjsdiag.debugger-for-chrome-4.12.6/images/icon.png
/var/satellite/custom-files/.vscode/extensions/msjsdiag.debugger-for-chrome-4.12.6/images/screenshot.png
/var/satellite/custom-files/.vscode/extensions/msjsdiag.debugger-for-chrome-4.12.6/LICENSE.txt
/var/satellite/custom-files/.vscode/extensions/msjsdiag.debugger-for-chrome-4.12.6/logs
/var/satellite/custom-files/.vscode/extensions/msjsdiag.debugger-for-chrome-4.12.6/logs/darwin-BreakOnLoad BreakOnLoad Disabled (strategy- off) Does not hit a breakpoint in a file on load-DA.log
/var/satellite/custom-files/.vscode/extensions/msjsdiag.debugger-for-chrome-4.12.6/logs/darwin-BreakOnLoad BreakOnLoad Disabled (strategy- off) Does not hit a breakpoint in a file on load-TEST.log
/var/satellite/custom-files/.vscode/extensions/msjsdiag.debugger-for-chrome-4.12.6/logs/darwin-BreakOnLoad Instrument Common Tests Simple JavaScript Project Hits a breakpoint at (1,1) in a file on load-DA.log
/var/satellite/custom-files/.vscode/extensions/msjsdiag.debugger-for-chrome-4.12.6/logs/darwin-BreakOnLoad Instrument Common Tests Simple JavaScript Project Hits a breakpoint at (1,1) in a file on load-TEST.log
/var/satellite/custom-files/.vscode/extensions/msjsdiag.debugger-for-chrome-4.12.6/logs/darwin-BreakOnLoad Instrument Common Tests Simple JavaScript Project Hits a breakpoint in the first line in a file on load-DA.log
/var/satellite/custom-files/.vscode/extensions/msjsdiag.debugger-for-chrome-4.12.6/logs/darwin-BreakOnLoad Instrument Common Tests Simple JavaScript Project Hits a breakpoint in the first line in a file on load-TEST.log
/var/satellite/custom-files/.vscode/extensions/msjsdiag.debugger-for-chrome-4.12.6/logs/darwin-BreakOnLoad Instrument Common Tests Simple JavaScript Project Hits a single breakpoint in a file on load-DA.log
/var/satellite/custom-files/.vscode/extensions/msjsdiag.debugger-for-chrome-4.12.6/logs/darwin-BreakOnLoad Instrument Common Tests Simple JavaScript Project Hits a single breakpoint in a file on load-TEST.log
/var/satellite/custom-files/.vscode/extensions/msjsdiag.debugger-for-chrome-4.12.6/logs/darwin-BreakOnLoad Instrument Common Tests Simple JavaScript Project Hits breakpoints on the first line of two scripts-DA.log
/var/satellite/custom-files/.vscode/extensions/msjsdiag.debugger-for-chrome-4.12.6/logs/darwin-BreakOnLoad Instrument Common Tests Simple JavaScript Project Hits breakpoints on the first line of two scripts-TEST.log
/var/satellite/custom-files/.vscode/extensions/msjsdiag.debugger-for-chrome-4.12.6/logs/darwin-BreakOnLoad Instrument Common Tests Simple JavaScript Project Hits multiple breakpoints in a file on load-DA.log
/var/satellite/custom-files/.vscode/extensions/msjsdiag.debugger-for-chrome-4.12.6/logs/darwin-BreakOnLoad Instrument Common Tests Simple JavaScript Project Hits multiple breakpoints in a file on load-TEST.log
/var/satellite/custom-files/.vscode/extensions/msjsdiag.debugger-for-chrome-4.12.6/logs/darwin-BreakOnLoad Instrument Common Tests TypeScript Project with SourceMaps Hits a breakpoint at (1,1) in a file on load-DA.log
/var/satellite/custom-files/.vscode/extensions/msjsdiag.debugger-for-chrome-4.12.6/logs/darwin-BreakOnLoad Instrument Common Tests TypeScript Project with SourceMaps Hits a breakpoint at (1,1) in a file on load-TEST.log
/var/satellite/custom-files/.vscode/extensions/msjsdiag.debugger-for-chrome-4.12.6/logs/darwin-BreakOnLoad Instrument Common Tests TypeScript Project with SourceMaps Hits a breakpoint in the first line in a file on load-DA.log
/var/satellite/custom-files/.vscode/extensions/msjsdiag.debugger-for-chrome-4.12.6/logs/darwin-BreakOnLoad Instrument Common Tests TypeScript Project with SourceMaps Hits a breakpoint in the first line in a file on load-TEST.log
/var/satellite/custom-files/.vscode/extensions/msjsdiag.debugger-for-chrome-4.12.6/logs/darwin-BreakOnLoad Instrument Common Tests TypeScript Project with SourceMaps Hits a single breakpoint in a file on load-DA.log
/var/satellite/custom-files/.vscode/extensions/msjsdiag.debugger-for-chrome-4.12.6/logs/darwin-BreakOnLoad Instrument Common Tests TypeScript Project with SourceMaps Hits a single breakpoint in a file on load-TEST.log
/var/satellite/custom-files/.vscode/extensions/msjsdiag.debugger-for-chrome-4.12.6/logs/darwin-BreakOnLoad Instrument Common Tests TypeScript Project with SourceMaps Hits multiple breakpoints in a file on load-DA.log
/var/satellite/custom-files/.vscode/extensions/msjsdiag.debugger-for-chrome-4.12.6/logs/darwin-BreakOnLoad Instrument Common Tests TypeScript Project with SourceMaps Hits multiple breakpoints in a file on load-TEST.log
/var/satellite/custom-files/.vscode/extensions/msjsdiag.debugger-for-chrome-4.12.6/logs/darwin-BreakOnLoad Instrument Webpack Project Hits a breakpoint at (1,1) in a file on load-DA.log
/var/satellite/custom-files/.vscode/extensions/msjsdiag.debugger-for-chrome-4.12.6/logs/darwin-BreakOnLoad Instrument Webpack Project Hits a breakpoint at (1,1) in a file on load-TEST.log
/var/satellite/custom-files/.vscode/extensions/msjsdiag.debugger-for-chrome-4.12.6/logs/darwin-BreakOnLoad Instrument Webpack Project Hits a single breakpoint in a file on load-DA.log
/var/satellite/custom-files/.vscode/extensions/msjsdiag.debugger-for-chrome-4.12.6/logs/darwin-BreakOnLoad Instrument Webpack Project Hits a single breakpoint in a file on load-TEST.log
/var/satellite/custom-files/.vscode/extensions/msjsdiag.debugger-for-chrome-4.12.6/logs/darwin-BreakOnLoad Instrument Webpack Project Hits multiple breakpoints in a file on load-DA.log
/var/satellite/custom-files/.vscode/extensions/msjsdiag.debugger-for-chrome-4.12.6/logs/darwin-BreakOnLoad Instrument Webpack Project Hits multiple breakpoints in a file on load-TEST.log
/var/satellite/custom-files/.vscode/extensions/msjsdiag.debugger-for-chrome-4.12.6/logs/darwin-BreakOnLoad Regex Common Tests Simple JavaScript Project Hits a breakpoint at (1,1) in a file on load-DA.log
/var/satellite/custom-files/.vscode/extensions/msjsdiag.debugger-for-chrome-4.12.6/logs/darwin-BreakOnLoad Regex Common Tests Simple JavaScript Project Hits a breakpoint at (1,1) in a file on load-TEST.log
/var/satellite/custom-files/.vscode/extensions/msjsdiag.debugger-for-chrome-4.12.6/logs/darwin-BreakOnLoad Regex Common Tests Simple JavaScript Project Hits a breakpoint in the first line in a file on load-DA.log
/var/satellite/custom-files/.vscode/extensions/msjsdiag.debugger-for-chrome-4.12.6/logs/darwin-BreakOnLoad Regex Common Tests Simple JavaScript Project Hits a single breakpoint in a file on load-DA.log
/var/satellite/custom-files/.vscode/extensions/msjsdiag.debugger-for-chrome-4.12.6/logs/darwin-BreakOnLoad Regex Common Tests Simple JavaScript Project Hits a breakpoint in the first line in a file on load-TEST.log
/var/satellite/custom-files/.vscode/extensions/msjsdiag.debugger-for-chrome-4.12.6/logs/darwin-BreakOnLoad Regex Common Tests Simple JavaScript Project Hits a single breakpoint in a file on load-TEST.log
/var/satellite/custom-files/.vscode/extensions/msjsdiag.debugger-for-chrome-4.12.6/logs/darwin-BreakOnLoad Regex Common Tests Simple JavaScript Project Hits breakpoints on the first line of two scripts-DA.log
/var/satellite/custom-files/.vscode/extensions/msjsdiag.debugger-for-chrome-4.12.6/logs/darwin-BreakOnLoad Regex Common Tests Simple JavaScript Project Hits breakpoints on the first line of two scripts-TEST.log
/var/satellite/custom-files/.vscode/extensions/msjsdiag.debugger-for-chrome-4.12.6/logs/darwin-BreakOnLoad Regex Common Tests Simple JavaScript Project Hits multiple breakpoints in a file on load-DA.log
/var/satellite/custom-files/.vscode/extensions/msjsdiag.debugger-for-chrome-4.12.6/logs/darwin-BreakOnLoad Regex Common Tests Simple JavaScript Project Hits multiple breakpoints in a file on load-TEST.log
/var/satellite/custom-files/.vscode/extensions/msjsdiag.debugger-for-chrome-4.12.6/logs/darwin-BreakOnLoad Regex Common Tests TypeScript Project with SourceMaps Hits a breakpoint at (1,1) in a file on load-DA.log
/var/satellite/custom-files/.vscode/extensions/msjsdiag.debugger-for-chrome-4.12.6/logs/darwin-BreakOnLoad Regex Common Tests TypeScript Project with SourceMaps Hits a breakpoint at (1,1) in a file on load-TEST.log
/var/satellite/custom-files/.vscode/extensions/msjsdiag.debugger-for-chrome-4.12.6/logs/darwin-BreakOnLoad Regex Common Tests TypeScript Project with SourceMaps Hits a breakpoint in the first line in a file on load-DA.log
/var/satellite/custom-files/.vscode/extensions/msjsdiag.debugger-for-chrome-4.12.6/logs/darwin-BreakOnLoad Regex Common Tests TypeScript Project with SourceMaps Hits a breakpoint in the first line in a file on load-TEST.log
/var/satellite/custom-files/.vscode/extensions/msjsdiag.debugger-for-chrome-4.12.6/logs/darwin-BreakOnLoad Regex Common Tests TypeScript Project with SourceMaps Hits a single breakpoint in a file on load-DA.log
/var/satellite/custom-files/.vscode/extensions/msjsdiag.debugger-for-chrome-4.12.6/logs/darwin-BreakOnLoad Regex Common Tests TypeScript Project with SourceMaps Hits a single breakpoint in a file on load-TEST.log
/var/satellite/custom-files/.vscode/extensions/msjsdiag.debugger-for-chrome-4.12.6/logs/darwin-BreakOnLoad Regex Common Tests TypeScript Project with SourceMaps Hits multiple breakpoints in a file on load-DA.log
/var/satellite/custom-files/.vscode/extensions/msjsdiag.debugger-for-chrome-4.12.6/logs/darwin-BreakOnLoad Regex Common Tests TypeScript Project with SourceMaps Hits multiple breakpoints in a file on load-TEST.log
/var/satellite/custom-files/.vscode/extensions/msjsdiag.debugger-for-chrome-4.12.6/logs/darwin-Breakpoints Column BPs BP col is adjusted to correct col-DA.log
/var/satellite/custom-files/.vscode/extensions/msjsdiag.debugger-for-chrome-4.12.6/logs/darwin-Breakpoints Column BPs BP col is adjusted to correct col-TEST.log
/var/satellite/custom-files/.vscode/extensions/msjsdiag.debugger-for-chrome-4.12.6/logs/darwin-Breakpoints Column BPs Column BP is hit on correct column-DA.log
/var/satellite/custom-files/.vscode/extensions/msjsdiag.debugger-for-chrome-4.12.6/logs/darwin-Breakpoints Column BPs Column BP is hit on correct column-TEST.log
/var/satellite/custom-files/.vscode/extensions/msjsdiag.debugger-for-chrome-4.12.6/logs/darwin-Breakpoints Column BPs Multiple column BPs are hit on correct columns-DA.log
/var/satellite/custom-files/.vscode/extensions/msjsdiag.debugger-for-chrome-4.12.6/logs/darwin-Breakpoints Column BPs Multiple column BPs are hit on correct columns-TEST.log
/var/satellite/custom-files/.vscode/extensions/msjsdiag.debugger-for-chrome-4.12.6/logs/darwin-Chrome Debug Adapter etc basic unknown request should produce error-TEST.log
/var/satellite/custom-files/.vscode/extensions/msjsdiag.debugger-for-chrome-4.12.6/logs/darwin-Chrome Debug Adapter etc initialize should return supported features-TEST.log
/var/satellite/custom-files/.vscode/extensions/msjsdiag.debugger-for-chrome-4.12.6/logs/darwin-Chrome Debug Adapter etc launch Should attach to existing instance of chrome and break on debugger statement-DA.log
/var/satellite/custom-files/.vscode/extensions/msjsdiag.debugger-for-chrome-4.12.6/logs/darwin-Chrome Debug Adapter etc launch Should attach to existing instance of chrome and break on debugger statement-TEST.log
/var/satellite/custom-files/.vscode/extensions/msjsdiag.debugger-for-chrome-4.12.6/logs/darwin-Chrome Debug Adapter etc launch Should hit breakpoint even if webRoot has unexpected case all lowercase for VisualStudio-TEST.log
/var/satellite/custom-files/.vscode/extensions/msjsdiag.debugger-for-chrome-4.12.6/logs/darwin-Chrome Debug Adapter etc launch Should hit breakpoint even if webRoot has unexpected case all uppercase for VisualStudio-TEST.log
/var/satellite/custom-files/.vscode/extensions/msjsdiag.debugger-for-chrome-4.12.6/logs/darwin-Chrome Debug Adapter etc launch Should launch successfully on port 0-DA.log
/var/satellite/custom-files/.vscode/extensions/msjsdiag.debugger-for-chrome-4.12.6/logs/darwin-Chrome Debug Adapter etc launch Should launch successfully on port 0-TEST.log
/var/satellite/custom-files/.vscode/extensions/msjsdiag.debugger-for-chrome-4.12.6/logs/darwin-Chrome Debug Adapter etc launch Should launch successfully on port 0, even when a browser instance is already running-DA.log
/var/satellite/custom-files/.vscode/extensions/msjsdiag.debugger-for-chrome-4.12.6/logs/darwin-Chrome Debug Adapter etc launch Should launch successfully on port 0, even when a browser instance is already running-TEST.log
/var/satellite/custom-files/.vscode/extensions/msjsdiag.debugger-for-chrome-4.12.6/logs/darwin-Chrome Debug Adapter etc launch should stop on debugger statement in http---localhost-DA.log
/var/satellite/custom-files/.vscode/extensions/msjsdiag.debugger-for-chrome-4.12.6/logs/darwin-Chrome Debug Adapter etc launch should stop on debugger statement in http---localhost-TEST.log
/var/satellite/custom-files/.vscode/extensions/msjsdiag.debugger-for-chrome-4.12.6/logs/darwin-Chrome Debug Adapter etc launch Should throw error when launching if chrome debug port is in use-DA.log
/var/satellite/custom-files/.vscode/extensions/msjsdiag.debugger-for-chrome-4.12.6/logs/darwin-Chrome Debug Adapter etc launch Should throw error when launching if chrome debug port is in use-TEST.log
/var/satellite/custom-files/.vscode/extensions/msjsdiag.debugger-for-chrome-4.12.6/logs/darwin-Stack Traces Stack trace is generated with all formatting-DA.log
/var/satellite/custom-files/.vscode/extensions/msjsdiag.debugger-for-chrome-4.12.6/logs/darwin-Stack Traces Stack trace is generated with all formatting-TEST.log
/var/satellite/custom-files/.vscode/extensions/msjsdiag.debugger-for-chrome-4.12.6/logs/darwin-Stack Traces Stack trace is generated with line formatting-DA.log
/var/satellite/custom-files/.vscode/extensions/msjsdiag.debugger-for-chrome-4.12.6/logs/darwin-Stack Traces Stack trace is generated with line formatting-TEST.log
/var/satellite/custom-files/.vscode/extensions/msjsdiag.debugger-for-chrome-4.12.6/logs/darwin-Stack Traces Stack trace is generated with module formatting-DA.log
/var/satellite/custom-files/.vscode/extensions/msjsdiag.debugger-for-chrome-4.12.6/logs/darwin-Stack Traces Stack trace is generated with module formatting-TEST.log
/var/satellite/custom-files/.vscode/extensions/msjsdiag.debugger-for-chrome-4.12.6/logs/darwin-Stack Traces Stack trace is generated with no formatting-DA.log
/var/satellite/custom-files/.vscode/extensions/msjsdiag.debugger-for-chrome-4.12.6/logs/darwin-Stack Traces Stack trace is generated with no formatting-TEST.log
/var/satellite/custom-files/.vscode/extensions/msjsdiag.debugger-for-chrome-4.12.6/msbuild
/var/satellite/custom-files/.vscode/extensions/msjsdiag.debugger-for-chrome-4.12.6/msbuild/ChromeDebugAdapter.csproj
/var/satellite/custom-files/.vscode/extensions/msjsdiag.debugger-for-chrome-4.12.6/msbuild/ChromeDebugAdapter.sln
/var/satellite/custom-files/.vscode/extensions/msjsdiag.debugger-for-chrome-4.12.6/out
/var/satellite/custom-files/.vscode/extensions/msjsdiag.debugger-for-chrome-4.12.6/out/nls.bundle.cs.json
/var/satellite/custom-files/.vscode/extensions/msjsdiag.debugger-for-chrome-4.12.6/out/nls.bundle.de.json
/var/satellite/custom-files/.vscode/extensions/msjsdiag.debugger-for-chrome-4.12.6/out/nls.bundle.es.json
/var/satellite/custom-files/.vscode/extensions/msjsdiag.debugger-for-chrome-4.12.6/out/nls.bundle.fr.json
/var/satellite/custom-files/.vscode/extensions/msjsdiag.debugger-for-chrome-4.12.6/out/nls.bundle.it.json
/var/satellite/custom-files/.vscode/extensions/msjsdiag.debugger-for-chrome-4.12.6/out/nls.bundle.ja.json
/var/satellite/custom-files/.vscode/extensions/msjsdiag.debugger-for-chrome-4.12.6/out/nls.bundle.json
/var/satellite/custom-files/.vscode/extensions/msjsdiag.debugger-for-chrome-4.12.6/out/nls.bundle.ko.json
/var/satellite/custom-files/.vscode/extensions/msjsdiag.debugger-for-chrome-4.12.6/out/nls.bundle.pl.json
/var/satellite/custom-files/.vscode/extensions/msjsdiag.debugger-for-chrome-4.12.6/out/nls.bundle.pt-br.json
/var/satellite/custom-files/.vscode/extensions/msjsdiag.debugger-for-chrome-4.12.6/out/nls.bundle.ru.json
/var/satellite/custom-files/.vscode/extensions/msjsdiag.debugger-for-chrome-4.12.6/out/nls.bundle.tr.json
/var/satellite/custom-files/.vscode/extensions/msjsdiag.debugger-for-chrome-4.12.6/out/nls.bundle.zh-cn.json
/var/satellite/custom-files/.vscode/extensions/msjsdiag.debugger-for-chrome-4.12.6/out/nls.bundle.zh-tw.json
/var/satellite/custom-files/.vscode/extensions/msjsdiag.debugger-for-chrome-4.12.6/out/nls.metadata.header.json
/var/satellite/custom-files/.vscode/extensions/msjsdiag.debugger-for-chrome-4.12.6/out/nls.metadata.json
/var/satellite/custom-files/.vscode/extensions/msjsdiag.debugger-for-chrome-4.12.6/out/src
/var/satellite/custom-files/.vscode/extensions/msjsdiag.debugger-for-chrome-4.12.6/out/src/chromeDebug.js
/var/satellite/custom-files/.vscode/extensions/msjsdiag.debugger-for-chrome-4.12.6/out/src/chromeDebugAdapter.js
/var/satellite/custom-files/.vscode/extensions/msjsdiag.debugger-for-chrome-4.12.6/out/src/chromeProvidedPortConnection.js
/var/satellite/custom-files/.vscode/extensions/msjsdiag.debugger-for-chrome-4.12.6/out/src/chromeSpawnHelper.js
/var/satellite/custom-files/.vscode/extensions/msjsdiag.debugger-for-chrome-4.12.6/out/src/errors.js
/var/satellite/custom-files/.vscode/extensions/msjsdiag.debugger-for-chrome-4.12.6/out/src/extension.js
/var/satellite/custom-files/.vscode/extensions/msjsdiag.debugger-for-chrome-4.12.6/out/src/launchUnelevated.js
/var/satellite/custom-files/.vscode/extensions/msjsdiag.debugger-for-chrome-4.12.6/out/src/utils.js
/var/satellite/custom-files/.vscode/extensions/msjsdiag.debugger-for-chrome-4.12.6/package.json
/var/satellite/custom-files/.vscode/extensions/msjsdiag.debugger-for-chrome-4.12.6/package.nls.de.json
/var/satellite/custom-files/.vscode/extensions/msjsdiag.debugger-for-chrome-4.12.6/package.nls.es.json
/var/satellite/custom-files/.vscode/extensions/msjsdiag.debugger-for-chrome-4.12.6/package.nls.fr.json
/var/satellite/custom-files/.vscode/extensions/msjsdiag.debugger-for-chrome-4.12.6/package.nls.it.json
/var/satellite/custom-files/.vscode/extensions/msjsdiag.debugger-for-chrome-4.12.6/package.nls.ja.json
/var/satellite/custom-files/.vscode/extensions/msjsdiag.debugger-for-chrome-4.12.6/package.nls.json
/var/satellite/custom-files/.vscode/extensions/msjsdiag.debugger-for-chrome-4.12.6/package.nls.ko.json
/var/satellite/custom-files/.vscode/extensions/msjsdiag.debugger-for-chrome-4.12.6/package.nls.ru.json
/var/satellite/custom-files/.vscode/extensions/msjsdiag.debugger-for-chrome-4.12.6/package.nls.zh-cn.json
/var/satellite/custom-files/.vscode/extensions/msjsdiag.debugger-for-chrome-4.12.6/package.nls.zh-tw.json
/var/satellite/custom-files/.vscode/extensions/msjsdiag.debugger-for-chrome-4.12.6/README.md
/var/satellite/custom-files/.vscode/extensions/msjsdiag.debugger-for-chrome-4.12.6/src
/var/satellite/custom-files/.vscode/extensions/msjsdiag.debugger-for-chrome-4.12.6/src/launchUnelevated.js
/var/satellite/custom-files/.vscode/extensions/msjsdiag.debugger-for-chrome-4.12.6/test-results.xml
/var/satellite/custom-files/.vscode/extensions/msjsdiag.debugger-for-chrome-4.12.6/ThirdPartyNotices.txt
/var/satellite/custom-files/.vscode/extensions/msjsdiag.debugger-for-chrome-4.12.6/node_modules
/var/satellite/custom-files/.vscode/extensions/msjsdiag.debugger-for-chrome-4.12.6/node_modules/vscode-chrome-debug-core
/var/satellite/custom-files/.vscode/extensions/msjsdiag.debugger-for-chrome-4.12.6/node_modules/vscode-chrome-debug-core/.nvmrc
/var/satellite/custom-files/.vscode/extensions/msjsdiag.debugger-for-chrome-4.12.6/node_modules/vscode-chrome-debug-core/.pipelines
/var/satellite/custom-files/.vscode/extensions/msjsdiag.debugger-for-chrome-4.12.6/node_modules/vscode-chrome-debug-core/.pipelines/job.yml
/var/satellite/custom-files/.vscode/extensions/msjsdiag.debugger-for-chrome-4.12.6/node_modules/vscode-chrome-debug-core/.pipelines/pipeline.yml
/var/satellite/custom-files/.vscode/extensions/msjsdiag.debugger-for-chrome-4.12.6/node_modules/vscode-chrome-debug-core/i18n
/var/satellite/custom-files/.vscode/extensions/msjsdiag.debugger-for-chrome-4.12.6/node_modules/vscode-chrome-debug-core/i18n/chs
/var/satellite/custom-files/.vscode/extensions/msjsdiag.debugger-for-chrome-4.12.6/node_modules/vscode-chrome-debug-core/i18n/chs/out
/var/satellite/custom-files/.vscode/extensions/msjsdiag.debugger-for-chrome-4.12.6/node_modules/vscode-chrome-debug-core/i18n/chs/out/src
/var/satellite/custom-files/.vscode/extensions/msjsdiag.debugger-for-chrome-4.12.6/node_modules/vscode-chrome-debug-core/i18n/chs/out/src/chrome
/var/satellite/custom-files/.vscode/extensions/msjsdiag.debugger-for-chrome-4.12.6/node_modules/vscode-chrome-debug-core/i18n/chs/out/src/chrome/chromeDebugAdapter.i18n.json
/var/satellite/custom-files/.vscode/extensions/msjsdiag.debugger-for-chrome-4.12.6/node_modules/vscode-chrome-debug-core/i18n/chs/out/src/chrome/chromeTargetDiscoveryStrategy.i18n.json
/var/satellite/custom-files/.vscode/extensions/msjsdiag.debugger-for-chrome-4.12.6/node_modules/vscode-chrome-debug-core/i18n/chs/out/src/chrome/stoppedEvent.i18n.json
/var/satellite/custom-files/.vscode/extensions/msjsdiag.debugger-for-chrome-4.12.6/node_modules/vscode-chrome-debug-core/i18n/chs/out/src/errors.i18n.json
/var/satellite/custom-files/.vscode/extensions/msjsdiag.debugger-for-chrome-4.12.6/node_modules/vscode-chrome-debug-core/i18n/chs/out/src/transformers
/var/satellite/custom-files/.vscode/extensions/msjsdiag.debugger-for-chrome-4.12.6/node_modules/vscode-chrome-debug-core/i18n/chs/out/src/transformers/baseSourceMapTransformer.i18n.json
/var/satellite/custom-files/.vscode/extensions/msjsdiag.debugger-for-chrome-4.12.6/node_modules/vscode-chrome-debug-core/i18n/chs/out/src/transformers/remotePathTransformer.i18n.json
/var/satellite/custom-files/.vscode/extensions/msjsdiag.debugger-for-chrome-4.12.6/node_modules/vscode-chrome-debug-core/i18n/cht
/var/satellite/custom-files/.vscode/extensions/msjsdiag.debugger-for-chrome-4.12.6/node_modules/vscode-chrome-debug-core/i18n/cht/out
/var/satellite/custom-files/.vscode/extensions/msjsdiag.debugger-for-chrome-4.12.6/node_modules/vscode-chrome-debug-core/i18n/cht/out/src
/var/satellite/custom-files/.vscode/extensions/msjsdiag.debugger-for-chrome-4.12.6/node_modules/vscode-chrome-debug-core/i18n/cht/out/src/chrome
/var/satellite/custom-files/.vscode/extensions/msjsdiag.debugger-for-chrome-4.12.6/node_modules/vscode-chrome-debug-core/i18n/cht/out/src/chrome/chromeDebugAdapter.i18n.json
/var/satellite/custom-files/.vscode/extensions/msjsdiag.debugger-for-chrome-4.12.6/node_modules/vscode-chrome-debug-core/i18n/cht/out/src/chrome/chromeTargetDiscoveryStrategy.i18n.json
/var/satellite/custom-files/.vscode/extensions/msjsdiag.debugger-for-chrome-4.12.6/node_modules/vscode-chrome-debug-core/i18n/cht/out/src/chrome/stoppedEvent.i18n.json
/var/satellite/custom-files/.vscode/extensions/msjsdiag.debugger-for-chrome-4.12.6/node_modules/vscode-chrome-debug-core/i18n/cht/out/src/errors.i18n.json
/var/satellite/custom-files/.vscode/extensions/msjsdiag.debugger-for-chrome-4.12.6/node_modules/vscode-chrome-debug-core/i18n/cht/out/src/transformers
/var/satellite/custom-files/.vscode/extensions/msjsdiag.debugger-for-chrome-4.12.6/node_modules/vscode-chrome-debug-core/i18n/cht/out/src/transformers/baseSourceMapTransformer.i18n.json
/var/satellite/custom-files/.vscode/extensions/msjsdiag.debugger-for-chrome-4.12.6/node_modules/vscode-chrome-debug-core/i18n/cht/out/src/transformers/remotePathTransformer.i18n.json
/var/satellite/custom-files/.vscode/extensions/msjsdiag.debugger-for-chrome-4.12.6/node_modules/vscode-chrome-debug-core/i18n/deu
/var/satellite/custom-files/.vscode/extensions/msjsdiag.debugger-for-chrome-4.12.6/node_modules/vscode-chrome-debug-core/i18n/deu/out
/var/satellite/custom-files/.vscode/extensions/msjsdiag.debugger-for-chrome-4.12.6/node_modules/vscode-chrome-debug-core/i18n/deu/out/src
/var/satellite/custom-files/.vscode/extensions/msjsdiag.debugger-for-chrome-4.12.6/node_modules/vscode-chrome-debug-core/i18n/deu/out/src/chrome
/var/satellite/custom-files/.vscode/extensions/msjsdiag.debugger-for-chrome-4.12.6/node_modules/vscode-chrome-debug-core/i18n/deu/out/src/chrome/chromeDebugAdapter.i18n.json
/var/satellite/custom-files/.vscode/extensions/msjsdiag.debugger-for-chrome-4.12.6/node_modules/vscode-chrome-debug-core/i18n/deu/out/src/chrome/chromeTargetDiscoveryStrategy.i18n.json
/var/satellite/custom-files/.vscode/extensions/msjsdiag.debugger-for-chrome-4.12.6/node_modules/vscode-chrome-debug-core/i18n/deu/out/src/chrome/stoppedEvent.i18n.json
/var/satellite/custom-files/.vscode/extensions/msjsdiag.debugger-for-chrome-4.12.6/node_modules/vscode-chrome-debug-core/i18n/deu/out/src/errors.i18n.json
/var/satellite/custom-files/.vscode/extensions/msjsdiag.debugger-for-chrome-4.12.6/node_modules/vscode-chrome-debug-core/i18n/deu/out/src/transformers
/var/satellite/custom-files/.vscode/extensions/msjsdiag.debugger-for-chrome-4.12.6/node_modules/vscode-chrome-debug-core/i18n/deu/out/src/transformers/baseSourceMapTransformer.i18n.json
/var/satellite/custom-files/.vscode/extensions/msjsdiag.debugger-for-chrome-4.12.6/node_modules/vscode-chrome-debug-core/i18n/deu/out/src/transformers/remotePathTransformer.i18n.json
/var/satellite/custom-files/.vscode/extensions/msjsdiag.debugger-for-chrome-4.12.6/node_modules/vscode-chrome-debug-core/i18n/esn
/var/satellite/custom-files/.vscode/extensions/msjsdiag.debugger-for-chrome-4.12.6/node_modules/vscode-chrome-debug-core/i18n/esn/out
/var/satellite/custom-files/.vscode/extensions/msjsdiag.debugger-for-chrome-4.12.6/node_modules/vscode-chrome-debug-core/i18n/esn/out/src
/var/satellite/custom-files/.vscode/extensions/msjsdiag.debugger-for-chrome-4.12.6/node_modules/vscode-chrome-debug-core/i18n/esn/out/src/chrome
/var/satellite/custom-files/.vscode/extensions/msjsdiag.debugger-for-chrome-4.12.6/node_modules/vscode-chrome-debug-core/i18n/esn/out/src/chrome/chromeDebugAdapter.i18n.json
/var/satellite/custom-files/.vscode/extensions/msjsdiag.debugger-for-chrome-4.12.6/node_modules/vscode-chrome-debug-core/i18n/esn/out/src/chrome/chromeTargetDiscoveryStrategy.i18n.json
/var/satellite/custom-files/.vscode/extensions/msjsdiag.debugger-for-chrome-4.12.6/node_modules/vscode-chrome-debug-core/i18n/esn/out/src/chrome/stoppedEvent.i18n.json
/var/satellite/custom-files/.vscode/extensions/msjsdiag.debugger-for-chrome-4.12.6/node_modules/vscode-chrome-debug-core/i18n/esn/out/src/errors.i18n.json
/var/satellite/custom-files/.vscode/extensions/msjsdiag.debugger-for-chrome-4.12.6/node_modules/vscode-chrome-debug-core/i18n/esn/out/src/transformers
/var/satellite/custom-files/.vscode/extensions/msjsdiag.debugger-for-chrome-4.12.6/node_modules/vscode-chrome-debug-core/i18n/esn/out/src/transformers/baseSourceMapTransformer.i18n.json
/var/satellite/custom-files/.vscode/extensions/msjsdiag.debugger-for-chrome-4.12.6/node_modules/vscode-chrome-debug-core/i18n/esn/out/src/transformers/remotePathTransformer.i18n.json
/var/satellite/custom-files/.vscode/extensions/msjsdiag.debugger-for-chrome-4.12.6/node_modules/vscode-chrome-debug-core/i18n/fra
/var/satellite/custom-files/.vscode/extensions/msjsdiag.debugger-for-chrome-4.12.6/node_modules/vscode-chrome-debug-core/i18n/fra/out
/var/satellite/custom-files/.vscode/extensions/msjsdiag.debugger-for-chrome-4.12.6/node_modules/vscode-chrome-debug-core/i18n/fra/out/src
/var/satellite/custom-files/.vscode/extensions/msjsdiag.debugger-for-chrome-4.12.6/node_modules/vscode-chrome-debug-core/i18n/fra/out/src/chrome
/var/satellite/custom-files/.vscode/extensions/msjsdiag.debugger-for-chrome-4.12.6/node_modules/vscode-chrome-debug-core/i18n/fra/out/src/chrome/chromeDebugAdapter.i18n.json
/var/satellite/custom-files/.vscode/extensions/msjsdiag.debugger-for-chrome-4.12.6/node_modules/vscode-chrome-debug-core/i18n/fra/out/src/chrome/chromeTargetDiscoveryStrategy.i18n.json
/var/satellite/custom-files/.vscode/extensions/msjsdiag.debugger-for-chrome-4.12.6/node_modules/vscode-chrome-debug-core/i18n/fra/out/src/chrome/stoppedEvent.i18n.json
/var/satellite/custom-files/.vscode/extensions/msjsdiag.debugger-for-chrome-4.12.6/node_modules/vscode-chrome-debug-core/i18n/fra/out/src/errors.i18n.json
/var/satellite/custom-files/.vscode/extensions/msjsdiag.debugger-for-chrome-4.12.6/node_modules/vscode-chrome-debug-core/i18n/fra/out/src/transformers
/var/satellite/custom-files/.vscode/extensions/msjsdiag.debugger-for-chrome-4.12.6/node_modules/vscode-chrome-debug-core/i18n/fra/out/src/transformers/baseSourceMapTransformer.i18n.json
/var/satellite/custom-files/.vscode/extensions/msjsdiag.debugger-for-chrome-4.12.6/node_modules/vscode-chrome-debug-core/i18n/fra/out/src/transformers/remotePathTransformer.i18n.json
/var/satellite/custom-files/.vscode/extensions/msjsdiag.debugger-for-chrome-4.12.6/node_modules/vscode-chrome-debug-core/i18n/ita
/var/satellite/custom-files/.vscode/extensions/msjsdiag.debugger-for-chrome-4.12.6/node_modules/vscode-chrome-debug-core/i18n/ita/out
/var/satellite/custom-files/.vscode/extensions/msjsdiag.debugger-for-chrome-4.12.6/node_modules/vscode-chrome-debug-core/i18n/ita/out/src
/var/satellite/custom-files/.vscode/extensions/msjsdiag.debugger-for-chrome-4.12.6/node_modules/vscode-chrome-debug-core/i18n/ita/out/src/chrome
/var/satellite/custom-files/.vscode/extensions/msjsdiag.debugger-for-chrome-4.12.6/node_modules/vscode-chrome-debug-core/i18n/ita/out/src/chrome/chromeDebugAdapter.i18n.json
/var/satellite/custom-files/.vscode/extensions/msjsdiag.debugger-for-chrome-4.12.6/node_modules/vscode-chrome-debug-core/i18n/ita/out/src/chrome/chromeTargetDiscoveryStrategy.i18n.json
/var/satellite/custom-files/.vscode/extensions/msjsdiag.debugger-for-chrome-4.12.6/node_modules/vscode-chrome-debug-core/i18n/ita/out/src/chrome/stoppedEvent.i18n.json
/var/satellite/custom-files/.vscode/extensions/msjsdiag.debugger-for-chrome-4.12.6/node_modules/vscode-chrome-debug-core/i18n/ita/out/src/errors.i18n.json
/var/satellite/custom-files/.vscode/extensions/msjsdiag.debugger-for-chrome-4.12.6/node_modules/vscode-chrome-debug-core/i18n/ita/out/src/transformers
/var/satellite/custom-files/.vscode/extensions/msjsdiag.debugger-for-chrome-4.12.6/node_modules/vscode-chrome-debug-core/i18n/ita/out/src/transformers/baseSourceMapTransformer.i18n.json
/var/satellite/custom-files/.vscode/extensions/msjsdiag.debugger-for-chrome-4.12.6/node_modules/vscode-chrome-debug-core/i18n/ita/out/src/transformers/remotePathTransformer.i18n.json
/var/satellite/custom-files/.vscode/extensions/msjsdiag.debugger-for-chrome-4.12.6/node_modules/vscode-chrome-debug-core/i18n/jpn
/var/satellite/custom-files/.vscode/extensions/msjsdiag.debugger-for-chrome-4.12.6/node_modules/vscode-chrome-debug-core/i18n/jpn/out
/var/satellite/custom-files/.vscode/extensions/msjsdiag.debugger-for-chrome-4.12.6/node_modules/vscode-chrome-debug-core/i18n/jpn/out/src
/var/satellite/custom-files/.vscode/extensions/msjsdiag.debugger-for-chrome-4.12.6/node_modules/vscode-chrome-debug-core/i18n/jpn/out/src/chrome
/var/satellite/custom-files/.vscode/extensions/msjsdiag.debugger-for-chrome-4.12.6/node_modules/vscode-chrome-debug-core/i18n/jpn/out/src/chrome/chromeDebugAdapter.i18n.json
/var/satellite/custom-files/.vscode/extensions/msjsdiag.debugger-for-chrome-4.12.6/node_modules/vscode-chrome-debug-core/i18n/jpn/out/src/chrome/chromeTargetDiscoveryStrategy.i18n.json
/var/satellite/custom-files/.vscode/extensions/msjsdiag.debugger-for-chrome-4.12.6/node_modules/vscode-chrome-debug-core/i18n/jpn/out/src/chrome/stoppedEvent.i18n.json
/var/satellite/custom-files/.vscode/extensions/msjsdiag.debugger-for-chrome-4.12.6/node_modules/vscode-chrome-debug-core/i18n/jpn/out/src/errors.i18n.json
/var/satellite/custom-files/.vscode/extensions/msjsdiag.debugger-for-chrome-4.12.6/node_modules/vscode-chrome-debug-core/i18n/jpn/out/src/transformers
/var/satellite/custom-files/.vscode/extensions/msjsdiag.debugger-for-chrome-4.12.6/node_modules/vscode-chrome-debug-core/i18n/jpn/out/src/transformers/baseSourceMapTransformer.i18n.json
/var/satellite/custom-files/.vscode/extensions/msjsdiag.debugger-for-chrome-4.12.6/node_modules/vscode-chrome-debug-core/i18n/jpn/out/src/transformers/remotePathTransformer.i18n.json
/var/satellite/custom-files/.vscode/extensions/msjsdiag.debugger-for-chrome-4.12.6/node_modules/vscode-chrome-debug-core/i18n/kor
/var/satellite/custom-files/.vscode/extensions/msjsdiag.debugger-for-chrome-4.12.6/node_modules/vscode-chrome-debug-core/i18n/kor/out
/var/satellite/custom-files/.vscode/extensions/msjsdiag.debugger-for-chrome-4.12.6/node_modules/vscode-chrome-debug-core/i18n/kor/out/src
/var/satellite/custom-files/.vscode/extensions/msjsdiag.debugger-for-chrome-4.12.6/node_modules/vscode-chrome-debug-core/i18n/kor/out/src/chrome
/var/satellite/custom-files/.vscode/extensions/msjsdiag.debugger-for-chrome-4.12.6/node_modules/vscode-chrome-debug-core/i18n/kor/out/src/chrome/chromeDebugAdapter.i18n.json
/var/satellite/custom-files/.vscode/extensions/msjsdiag.debugger-for-chrome-4.12.6/node_modules/vscode-chrome-debug-core/i18n/kor/out/src/chrome/chromeTargetDiscoveryStrategy.i18n.json
/var/satellite/custom-files/.vscode/extensions/msjsdiag.debugger-for-chrome-4.12.6/node_modules/vscode-chrome-debug-core/i18n/kor/out/src/chrome/stoppedEvent.i18n.json
/var/satellite/custom-files/.vscode/extensions/msjsdiag.debugger-for-chrome-4.12.6/node_modules/vscode-chrome-debug-core/i18n/kor/out/src/errors.i18n.json
/var/satellite/custom-files/.vscode/extensions/msjsdiag.debugger-for-chrome-4.12.6/node_modules/vscode-chrome-debug-core/i18n/kor/out/src/transformers
/var/satellite/custom-files/.vscode/extensions/msjsdiag.debugger-for-chrome-4.12.6/node_modules/vscode-chrome-debug-core/i18n/kor/out/src/transformers/baseSourceMapTransformer.i18n.json
/var/satellite/custom-files/.vscode/extensions/msjsdiag.debugger-for-chrome-4.12.6/node_modules/vscode-chrome-debug-core/i18n/kor/out/src/transformers/remotePathTransformer.i18n.json
/var/satellite/custom-files/.vscode/extensions/msjsdiag.debugger-for-chrome-4.12.6/node_modules/vscode-chrome-debug-core/i18n/rus
/var/satellite/custom-files/.vscode/extensions/msjsdiag.debugger-for-chrome-4.12.6/node_modules/vscode-chrome-debug-core/i18n/rus/out
/var/satellite/custom-files/.vscode/extensions/msjsdiag.debugger-for-chrome-4.12.6/node_modules/vscode-chrome-debug-core/i18n/rus/out/src
/var/satellite/custom-files/.vscode/extensions/msjsdiag.debugger-for-chrome-4.12.6/node_modules/vscode-chrome-debug-core/i18n/rus/out/src/chrome
/var/satellite/custom-files/.vscode/extensions/msjsdiag.debugger-for-chrome-4.12.6/node_modules/vscode-chrome-debug-core/i18n/rus/out/src/chrome/chromeDebugAdapter.i18n.json
/var/satellite/custom-files/.vscode/extensions/msjsdiag.debugger-for-chrome-4.12.6/node_modules/vscode-chrome-debug-core/i18n/rus/out/src/chrome/chromeTargetDiscoveryStrategy.i18n.json
/var/satellite/custom-files/.vscode/extensions/msjsdiag.debugger-for-chrome-4.12.6/node_modules/vscode-chrome-debug-core/i18n/rus/out/src/chrome/stoppedEvent.i18n.json
/var/satellite/custom-files/.vscode/extensions/msjsdiag.debugger-for-chrome-4.12.6/node_modules/vscode-chrome-debug-core/i18n/rus/out/src/errors.i18n.json
/var/satellite/custom-files/.vscode/extensions/msjsdiag.debugger-for-chrome-4.12.6/node_modules/vscode-chrome-debug-core/i18n/rus/out/src/transformers
/var/satellite/custom-files/.vscode/extensions/msjsdiag.debugger-for-chrome-4.12.6/node_modules/vscode-chrome-debug-core/i18n/rus/out/src/transformers/baseSourceMapTransformer.i18n.json
/var/satellite/custom-files/.vscode/extensions/msjsdiag.debugger-for-chrome-4.12.6/node_modules/vscode-chrome-debug-core/i18n/rus/out/src/transformers/remotePathTransformer.i18n.json
/var/satellite/custom-files/.vscode/extensions/msjsdiag.debugger-for-chrome-4.12.6/node_modules/vscode-chrome-debug-core/LICENSE.txt
/var/satellite/custom-files/.vscode/extensions/msjsdiag.debugger-for-chrome-4.12.6/node_modules/vscode-chrome-debug-core/out
/var/satellite/custom-files/.vscode/extensions/msjsdiag.debugger-for-chrome-4.12.6/node_modules/vscode-chrome-debug-core/out/nls.bundle.cs.json
/var/satellite/custom-files/.vscode/extensions/msjsdiag.debugger-for-chrome-4.12.6/node_modules/vscode-chrome-debug-core/out/nls.bundle.de.json
/var/satellite/custom-files/.vscode/extensions/msjsdiag.debugger-for-chrome-4.12.6/node_modules/vscode-chrome-debug-core/out/nls.bundle.es.json
/var/satellite/custom-files/.vscode/extensions/msjsdiag.debugger-for-chrome-4.12.6/node_modules/vscode-chrome-debug-core/out/nls.bundle.fr.json
/var/satellite/custom-files/.vscode/extensions/msjsdiag.debugger-for-chrome-4.12.6/node_modules/vscode-chrome-debug-core/out/nls.bundle.it.json
/var/satellite/custom-files/.vscode/extensions/msjsdiag.debugger-for-chrome-4.12.6/node_modules/vscode-chrome-debug-core/out/nls.bundle.ja.json
/var/satellite/custom-files/.vscode/extensions/msjsdiag.debugger-for-chrome-4.12.6/node_modules/vscode-chrome-debug-core/out/nls.bundle.json
/var/satellite/custom-files/.vscode/extensions/msjsdiag.debugger-for-chrome-4.12.6/node_modules/vscode-chrome-debug-core/out/nls.bundle.ko.json
/var/satellite/custom-files/.vscode/extensions/msjsdiag.debugger-for-chrome-4.12.6/node_modules/vscode-chrome-debug-core/out/nls.bundle.pl.json
/var/satellite/custom-files/.vscode/extensions/msjsdiag.debugger-for-chrome-4.12.6/node_modules/vscode-chrome-debug-core/out/nls.bundle.pt-br.json
/var/satellite/custom-files/.vscode/extensions/msjsdiag.debugger-for-chrome-4.12.6/node_modules/vscode-chrome-debug-core/out/nls.bundle.ru.json
/var/satellite/custom-files/.vscode/extensions/msjsdiag.debugger-for-chrome-4.12.6/node_modules/vscode-chrome-debug-core/out/nls.bundle.tr.json
/var/satellite/custom-files/.vscode/extensions/msjsdiag.debugger-for-chrome-4.12.6/node_modules/vscode-chrome-debug-core/out/nls.bundle.zh-cn.json
/var/satellite/custom-files/.vscode/extensions/msjsdiag.debugger-for-chrome-4.12.6/node_modules/vscode-chrome-debug-core/out/nls.bundle.zh-tw.json
/var/satellite/custom-files/.vscode/extensions/msjsdiag.debugger-for-chrome-4.12.6/node_modules/vscode-chrome-debug-core/out/nls.metadata.header.json
/var/satellite/custom-files/.vscode/extensions/msjsdiag.debugger-for-chrome-4.12.6/node_modules/vscode-chrome-debug-core/out/nls.metadata.json
/var/satellite/custom-files/.vscode/extensions/msjsdiag.debugger-for-chrome-4.12.6/node_modules/vscode-chrome-debug-core/out/src
/var/satellite/custom-files/.vscode/extensions/msjsdiag.debugger-for-chrome-4.12.6/node_modules/vscode-chrome-debug-core/out/src/chrome
/var/satellite/custom-files/.vscode/extensions/msjsdiag.debugger-for-chrome-4.12.6/node_modules/vscode-chrome-debug-core/out/src/chrome/breakOnLoadHelper.js
/var/satellite/custom-files/.vscode/extensions/msjsdiag.debugger-for-chrome-4.12.6/node_modules/vscode-chrome-debug-core/out/src/chrome/breakpoints.js
/var/satellite/custom-files/.vscode/extensions/msjsdiag.debugger-for-chrome-4.12.6/node_modules/vscode-chrome-debug-core/out/src/chrome/chromeConnection.js
/var/satellite/custom-files/.vscode/extensions/msjsdiag.debugger-for-chrome-4.12.6/node_modules/vscode-chrome-debug-core/out/src/chrome/chromeDebugAdapter.js
/var/satellite/custom-files/.vscode/extensions/msjsdiag.debugger-for-chrome-4.12.6/node_modules/vscode-chrome-debug-core/out/src/chrome/chromeDebugSession.js
/var/satellite/custom-files/.vscode/extensions/msjsdiag.debugger-for-chrome-4.12.6/node_modules/vscode-chrome-debug-core/out/src/chrome/chromeTargetDiscoveryStrategy.js
/var/satellite/custom-files/.vscode/extensions/msjsdiag.debugger-for-chrome-4.12.6/node_modules/vscode-chrome-debug-core/out/src/chrome/chromeUtils.js
/var/satellite/custom-files/.vscode/extensions/msjsdiag.debugger-for-chrome-4.12.6/node_modules/vscode-chrome-debug-core/out/src/chrome/consoleHelper.js
/var/satellite/custom-files/.vscode/extensions/msjsdiag.debugger-for-chrome-4.12.6/node_modules/vscode-chrome-debug-core/out/src/chrome/crdpMultiplexing
/var/satellite/custom-files/.vscode/extensions/msjsdiag.debugger-for-chrome-4.12.6/node_modules/vscode-chrome-debug-core/out/src/chrome/crdpMultiplexing/crdpMultiplexor.js
/var/satellite/custom-files/.vscode/extensions/msjsdiag.debugger-for-chrome-4.12.6/node_modules/vscode-chrome-debug-core/out/src/chrome/crdpMultiplexing/webSocketToLikeSocketProxy.js
/var/satellite/custom-files/.vscode/extensions/msjsdiag.debugger-for-chrome-4.12.6/node_modules/vscode-chrome-debug-core/out/src/chrome/internalSourceBreakpoint.js
/var/satellite/custom-files/.vscode/extensions/msjsdiag.debugger-for-chrome-4.12.6/node_modules/vscode-chrome-debug-core/out/src/chrome/scripts.js
/var/satellite/custom-files/.vscode/extensions/msjsdiag.debugger-for-chrome-4.12.6/node_modules/vscode-chrome-debug-core/out/src/chrome/scriptSkipping.js
/var/satellite/custom-files/.vscode/extensions/msjsdiag.debugger-for-chrome-4.12.6/node_modules/vscode-chrome-debug-core/out/src/chrome/smartStep.js
/var/satellite/custom-files/.vscode/extensions/msjsdiag.debugger-for-chrome-4.12.6/node_modules/vscode-chrome-debug-core/out/src/chrome/stackFrames.js
/var/satellite/custom-files/.vscode/extensions/msjsdiag.debugger-for-chrome-4.12.6/node_modules/vscode-chrome-debug-core/out/src/chrome/stoppedEvent.js
/var/satellite/custom-files/.vscode/extensions/msjsdiag.debugger-for-chrome-4.12.6/node_modules/vscode-chrome-debug-core/out/src/chrome/variables.js
/var/satellite/custom-files/.vscode/extensions/msjsdiag.debugger-for-chrome-4.12.6/node_modules/vscode-chrome-debug-core/out/src/chrome/variablesManager.js
/var/satellite/custom-files/.vscode/extensions/msjsdiag.debugger-for-chrome-4.12.6/node_modules/vscode-chrome-debug-core/out/src/errors.js
/var/satellite/custom-files/.vscode/extensions/msjsdiag.debugger-for-chrome-4.12.6/node_modules/vscode-chrome-debug-core/out/src/executionTimingsReporter.js
/var/satellite/custom-files/.vscode/extensions/msjsdiag.debugger-for-chrome-4.12.6/node_modules/vscode-chrome-debug-core/out/src/index.js
/var/satellite/custom-files/.vscode/extensions/msjsdiag.debugger-for-chrome-4.12.6/node_modules/vscode-chrome-debug-core/out/src/nullLogger.js
/var/satellite/custom-files/.vscode/extensions/msjsdiag.debugger-for-chrome-4.12.6/node_modules/vscode-chrome-debug-core/out/src/remoteMapper.js
/var/satellite/custom-files/.vscode/extensions/msjsdiag.debugger-for-chrome-4.12.6/node_modules/vscode-chrome-debug-core/out/src/sourceMaps
/var/satellite/custom-files/.vscode/extensions/msjsdiag.debugger-for-chrome-4.12.6/node_modules/vscode-chrome-debug-core/out/src/sourceMaps/sourceMap.js
/var/satellite/custom-files/.vscode/extensions/msjsdiag.debugger-for-chrome-4.12.6/node_modules/vscode-chrome-debug-core/out/src/sourceMaps/sourceMapFactory.js
/var/satellite/custom-files/.vscode/extensions/msjsdiag.debugger-for-chrome-4.12.6/node_modules/vscode-chrome-debug-core/out/src/sourceMaps/sourceMaps.js
/var/satellite/custom-files/.vscode/extensions/msjsdiag.debugger-for-chrome-4.12.6/node_modules/vscode-chrome-debug-core/out/src/sourceMaps/sourceMapUtils.js
/var/satellite/custom-files/.vscode/extensions/msjsdiag.debugger-for-chrome-4.12.6/node_modules/vscode-chrome-debug-core/out/src/telemetry.js
/var/satellite/custom-files/.vscode/extensions/msjsdiag.debugger-for-chrome-4.12.6/node_modules/vscode-chrome-debug-core/out/src/transformers
/var/satellite/custom-files/.vscode/extensions/msjsdiag.debugger-for-chrome-4.12.6/node_modules/vscode-chrome-debug-core/out/src/transformers/basePathTransformer.js
/var/satellite/custom-files/.vscode/extensions/msjsdiag.debugger-for-chrome-4.12.6/node_modules/vscode-chrome-debug-core/out/src/transformers/baseSourceMapTransformer.js
/var/satellite/custom-files/.vscode/extensions/msjsdiag.debugger-for-chrome-4.12.6/node_modules/vscode-chrome-debug-core/out/src/transformers/eagerSourceMapTransformer.js
/var/satellite/custom-files/.vscode/extensions/msjsdiag.debugger-for-chrome-4.12.6/node_modules/vscode-chrome-debug-core/out/src/transformers/fallbackToClientPathTransformer.js
/var/satellite/custom-files/.vscode/extensions/msjsdiag.debugger-for-chrome-4.12.6/node_modules/vscode-chrome-debug-core/out/src/transformers/lineNumberTransformer.js
/var/satellite/custom-files/.vscode/extensions/msjsdiag.debugger-for-chrome-4.12.6/node_modules/vscode-chrome-debug-core/out/src/transformers/remotePathTransformer.js
/var/satellite/custom-files/.vscode/extensions/msjsdiag.debugger-for-chrome-4.12.6/node_modules/vscode-chrome-debug-core/out/src/transformers/urlPathTransformer.js
/var/satellite/custom-files/.vscode/extensions/msjsdiag.debugger-for-chrome-4.12.6/node_modules/vscode-chrome-debug-core/out/src/utils.js
/var/satellite/custom-files/.vscode/extensions/msjsdiag.debugger-for-chrome-4.12.6/node_modules/vscode-chrome-debug-core/package.json
/var/satellite/custom-files/.vscode/extensions/msjsdiag.debugger-for-chrome-4.12.6/node_modules/vscode-chrome-debug-core/README.md
/var/satellite/custom-files/.vscode/extensions/msjsdiag.debugger-for-chrome-4.12.6/node_modules/vscode-chrome-debug-core/ThirdPartyNotices.txt
/var/satellite/custom-files/.vscode/extensions/msjsdiag.debugger-for-chrome-4.12.6/node_modules/vscode-chrome-debug-core/node_modules
/var/satellite/custom-files/.vscode/extensions/msjsdiag.debugger-for-chrome-4.12.6/node_modules/vscode-chrome-debug-core/node_modules/glob
/var/satellite/custom-files/.vscode/extensions/msjsdiag.debugger-for-chrome-4.12.6/node_modules/vscode-chrome-debug-core/node_modules/glob/changelog.md
/var/satellite/custom-files/.vscode/extensions/msjsdiag.debugger-for-chrome-4.12.6/node_modules/vscode-chrome-debug-core/node_modules/glob/common.js
/var/satellite/custom-files/.vscode/extensions/msjsdiag.debugger-for-chrome-4.12.6/node_modules/vscode-chrome-debug-core/node_modules/glob/glob.js
/var/satellite/custom-files/.vscode/extensions/msjsdiag.debugger-for-chrome-4.12.6/node_modules/vscode-chrome-debug-core/node_modules/glob/LICENSE
/var/satellite/custom-files/.vscode/extensions/msjsdiag.debugger-for-chrome-4.12.6/node_modules/vscode-chrome-debug-core/node_modules/glob/package.json
/var/satellite/custom-files/.vscode/extensions/msjsdiag.debugger-for-chrome-4.12.6/node_modules/vscode-chrome-debug-core/node_modules/glob/README.md
/var/satellite/custom-files/.vscode/extensions/msjsdiag.debugger-for-chrome-4.12.6/node_modules/vscode-chrome-debug-core/node_modules/glob/sync.js
/var/satellite/custom-files/.vscode/extensions/msjsdiag.debugger-for-chrome-4.12.6/node_modules/@types
/var/satellite/custom-files/.vscode/extensions/msjsdiag.debugger-for-chrome-4.12.6/node_modules/@types/source-map
/var/satellite/custom-files/.vscode/extensions/msjsdiag.debugger-for-chrome-4.12.6/node_modules/@types/source-map/package.json
/var/satellite/custom-files/.vscode/extensions/msjsdiag.debugger-for-chrome-4.12.6/node_modules/@types/source-map/README.md
/var/satellite/custom-files/.vscode/extensions/msjsdiag.debugger-for-chrome-4.12.6/node_modules/@types/source-map/types-metadata.json
/var/satellite/custom-files/.vscode/extensions/msjsdiag.debugger-for-chrome-4.12.6/node_modules/color
/var/satellite/custom-files/.vscode/extensions/msjsdiag.debugger-for-chrome-4.12.6/node_modules/color/index.js
/var/satellite/custom-files/.vscode/extensions/msjsdiag.debugger-for-chrome-4.12.6/node_modules/color/LICENSE
/var/satellite/custom-files/.vscode/extensions/msjsdiag.debugger-for-chrome-4.12.6/node_modules/color/package.json
/var/satellite/custom-files/.vscode/extensions/msjsdiag.debugger-for-chrome-4.12.6/node_modules/color/README.md
/var/satellite/custom-files/.vscode/extensions/msjsdiag.debugger-for-chrome-4.12.6/node_modules/color-convert
/var/satellite/custom-files/.vscode/extensions/msjsdiag.debugger-for-chrome-4.12.6/node_modules/color-convert/CHANGELOG.md
/var/satellite/custom-files/.vscode/extensions/msjsdiag.debugger-for-chrome-4.12.6/node_modules/color-convert/conversions.js
/var/satellite/custom-files/.vscode/extensions/msjsdiag.debugger-for-chrome-4.12.6/node_modules/color-convert/index.js
/var/satellite/custom-files/.vscode/extensions/msjsdiag.debugger-for-chrome-4.12.6/node_modules/color-convert/LICENSE
/var/satellite/custom-files/.vscode/extensions/msjsdiag.debugger-for-chrome-4.12.6/node_modules/color-convert/package.json
/var/satellite/custom-files/.vscode/extensions/msjsdiag.debugger-for-chrome-4.12.6/node_modules/color-convert/README.md
/var/satellite/custom-files/.vscode/extensions/msjsdiag.debugger-for-chrome-4.12.6/node_modules/color-convert/route.js
/var/satellite/custom-files/.vscode/extensions/msjsdiag.debugger-for-chrome-4.12.6/node_modules/color-name
/var/satellite/custom-files/.vscode/extensions/msjsdiag.debugger-for-chrome-4.12.6/node_modules/color-name/.eslintrc.json
/var/satellite/custom-files/.vscode/extensions/msjsdiag.debugger-for-chrome-4.12.6/node_modules/color-name/.npmignore
/var/satellite/custom-files/.vscode/extensions/msjsdiag.debugger-for-chrome-4.12.6/node_modules/color-name/index.js
/var/satellite/custom-files/.vscode/extensions/msjsdiag.debugger-for-chrome-4.12.6/node_modules/color-name/LICENSE
/var/satellite/custom-files/.vscode/extensions/msjsdiag.debugger-for-chrome-4.12.6/node_modules/color-name/package.json
/var/satellite/custom-files/.vscode/extensions/msjsdiag.debugger-for-chrome-4.12.6/node_modules/color-name/README.md
/var/satellite/custom-files/.vscode/extensions/msjsdiag.debugger-for-chrome-4.12.6/node_modules/color-name/test.js
/var/satellite/custom-files/.vscode/extensions/msjsdiag.debugger-for-chrome-4.12.6/node_modules/color-string
/var/satellite/custom-files/.vscode/extensions/msjsdiag.debugger-for-chrome-4.12.6/node_modules/color-string/CHANGELOG.md
/var/satellite/custom-files/.vscode/extensions/msjsdiag.debugger-for-chrome-4.12.6/node_modules/color-string/index.js
/var/satellite/custom-files/.vscode/extensions/msjsdiag.debugger-for-chrome-4.12.6/node_modules/color-string/LICENSE
/var/satellite/custom-files/.vscode/extensions/msjsdiag.debugger-for-chrome-4.12.6/node_modules/color-string/package.json
/var/satellite/custom-files/.vscode/extensions/msjsdiag.debugger-for-chrome-4.12.6/node_modules/color-string/README.md
/var/satellite/custom-files/.vscode/extensions/msjsdiag.debugger-for-chrome-4.12.6/node_modules/simple-swizzle
/var/satellite/custom-files/.vscode/extensions/msjsdiag.debugger-for-chrome-4.12.6/node_modules/simple-swizzle/index.js
/var/satellite/custom-files/.vscode/extensions/msjsdiag.debugger-for-chrome-4.12.6/node_modules/simple-swizzle/LICENSE
/var/satellite/custom-files/.vscode/extensions/msjsdiag.debugger-for-chrome-4.12.6/node_modules/simple-swizzle/package.json
/var/satellite/custom-files/.vscode/extensions/msjsdiag.debugger-for-chrome-4.12.6/node_modules/simple-swizzle/README.md
/var/satellite/custom-files/.vscode/extensions/msjsdiag.debugger-for-chrome-4.12.6/node_modules/is-arrayish
/var/satellite/custom-files/.vscode/extensions/msjsdiag.debugger-for-chrome-4.12.6/node_modules/is-arrayish/index.js
/var/satellite/custom-files/.vscode/extensions/msjsdiag.debugger-for-chrome-4.12.6/node_modules/is-arrayish/LICENSE
/var/satellite/custom-files/.vscode/extensions/msjsdiag.debugger-for-chrome-4.12.6/node_modules/is-arrayish/package.json
/var/satellite/custom-files/.vscode/extensions/msjsdiag.debugger-for-chrome-4.12.6/node_modules/is-arrayish/README.md
/var/satellite/custom-files/.vscode/extensions/msjsdiag.debugger-for-chrome-4.12.6/node_modules/is-arrayish/yarn-error.log
/var/satellite/custom-files/.vscode/extensions/msjsdiag.debugger-for-chrome-4.12.6/node_modules/fs.realpath
/var/satellite/custom-files/.vscode/extensions/msjsdiag.debugger-for-chrome-4.12.6/node_modules/fs.realpath/index.js
/var/satellite/custom-files/.vscode/extensions/msjsdiag.debugger-for-chrome-4.12.6/node_modules/fs.realpath/LICENSE
/var/satellite/custom-files/.vscode/extensions/msjsdiag.debugger-for-chrome-4.12.6/node_modules/fs.realpath/old.js
/var/satellite/custom-files/.vscode/extensions/msjsdiag.debugger-for-chrome-4.12.6/node_modules/fs.realpath/package.json
/var/satellite/custom-files/.vscode/extensions/msjsdiag.debugger-for-chrome-4.12.6/node_modules/fs.realpath/README.md
/var/satellite/custom-files/.vscode/extensions/msjsdiag.debugger-for-chrome-4.12.6/node_modules/inflight
/var/satellite/custom-files/.vscode/extensions/msjsdiag.debugger-for-chrome-4.12.6/node_modules/inflight/inflight.js
/var/satellite/custom-files/.vscode/extensions/msjsdiag.debugger-for-chrome-4.12.6/node_modules/inflight/LICENSE
/var/satellite/custom-files/.vscode/extensions/msjsdiag.debugger-for-chrome-4.12.6/node_modules/inflight/package.json
/var/satellite/custom-files/.vscode/extensions/msjsdiag.debugger-for-chrome-4.12.6/node_modules/inflight/README.md
/var/satellite/custom-files/.vscode/extensions/msjsdiag.debugger-for-chrome-4.12.6/node_modules/wrappy
/var/satellite/custom-files/.vscode/extensions/msjsdiag.debugger-for-chrome-4.12.6/node_modules/wrappy/LICENSE
/var/satellite/custom-files/.vscode/extensions/msjsdiag.debugger-for-chrome-4.12.6/node_modules/wrappy/package.json
/var/satellite/custom-files/.vscode/extensions/msjsdiag.debugger-for-chrome-4.12.6/node_modules/wrappy/README.md
/var/satellite/custom-files/.vscode/extensions/msjsdiag.debugger-for-chrome-4.12.6/node_modules/wrappy/wrappy.js
/var/satellite/custom-files/.vscode/extensions/msjsdiag.debugger-for-chrome-4.12.6/node_modules/inherits
/var/satellite/custom-files/.vscode/extensions/msjsdiag.debugger-for-chrome-4.12.6/node_modules/inherits/inherits_browser.js
/var/satellite/custom-files/.vscode/extensions/msjsdiag.debugger-for-chrome-4.12.6/node_modules/inherits/inherits.js
/var/satellite/custom-files/.vscode/extensions/msjsdiag.debugger-for-chrome-4.12.6/node_modules/inherits/LICENSE
/var/satellite/custom-files/.vscode/extensions/msjsdiag.debugger-for-chrome-4.12.6/node_modules/inherits/package.json
/var/satellite/custom-files/.vscode/extensions/msjsdiag.debugger-for-chrome-4.12.6/node_modules/inherits/README.md
/var/satellite/custom-files/.vscode/extensions/msjsdiag.debugger-for-chrome-4.12.6/node_modules/minimatch
/var/satellite/custom-files/.vscode/extensions/msjsdiag.debugger-for-chrome-4.12.6/node_modules/minimatch/LICENSE
/var/satellite/custom-files/.vscode/extensions/msjsdiag.debugger-for-chrome-4.12.6/node_modules/minimatch/minimatch.js
/var/satellite/custom-files/.vscode/extensions/msjsdiag.debugger-for-chrome-4.12.6/node_modules/minimatch/package.json
/var/satellite/custom-files/.vscode/extensions/msjsdiag.debugger-for-chrome-4.12.6/node_modules/minimatch/README.md
/var/satellite/custom-files/.vscode/extensions/msjsdiag.debugger-for-chrome-4.12.6/node_modules/brace-expansion
/var/satellite/custom-files/.vscode/extensions/msjsdiag.debugger-for-chrome-4.12.6/node_modules/brace-expansion/index.js
/var/satellite/custom-files/.vscode/extensions/msjsdiag.debugger-for-chrome-4.12.6/node_modules/brace-expansion/LICENSE
/var/satellite/custom-files/.vscode/extensions/msjsdiag.debugger-for-chrome-4.12.6/node_modules/brace-expansion/package.json
/var/satellite/custom-files/.vscode/extensions/msjsdiag.debugger-for-chrome-4.12.6/node_modules/brace-expansion/README.md
/var/satellite/custom-files/.vscode/extensions/msjsdiag.debugger-for-chrome-4.12.6/node_modules/balanced-match
/var/satellite/custom-files/.vscode/extensions/msjsdiag.debugger-for-chrome-4.12.6/node_modules/balanced-match/.npmignore
/var/satellite/custom-files/.vscode/extensions/msjsdiag.debugger-for-chrome-4.12.6/node_modules/balanced-match/index.js
/var/satellite/custom-files/.vscode/extensions/msjsdiag.debugger-for-chrome-4.12.6/node_modules/balanced-match/LICENSE.md
/var/satellite/custom-files/.vscode/extensions/msjsdiag.debugger-for-chrome-4.12.6/node_modules/balanced-match/package.json
/var/satellite/custom-files/.vscode/extensions/msjsdiag.debugger-for-chrome-4.12.6/node_modules/balanced-match/README.md
/var/satellite/custom-files/.vscode/extensions/msjsdiag.debugger-for-chrome-4.12.6/node_modules/concat-map
/var/satellite/custom-files/.vscode/extensions/msjsdiag.debugger-for-chrome-4.12.6/node_modules/concat-map/.travis.yml
/var/satellite/custom-files/.vscode/extensions/msjsdiag.debugger-for-chrome-4.12.6/node_modules/concat-map/example
/var/satellite/custom-files/.vscode/extensions/msjsdiag.debugger-for-chrome-4.12.6/node_modules/concat-map/example/map.js
/var/satellite/custom-files/.vscode/extensions/msjsdiag.debugger-for-chrome-4.12.6/node_modules/concat-map/index.js
/var/satellite/custom-files/.vscode/extensions/msjsdiag.debugger-for-chrome-4.12.6/node_modules/concat-map/LICENSE
/var/satellite/custom-files/.vscode/extensions/msjsdiag.debugger-for-chrome-4.12.6/node_modules/concat-map/package.json
/var/satellite/custom-files/.vscode/extensions/msjsdiag.debugger-for-chrome-4.12.6/node_modules/concat-map/README.markdown
/var/satellite/custom-files/.vscode/extensions/msjsdiag.debugger-for-chrome-4.12.6/node_modules/concat-map/test
/var/satellite/custom-files/.vscode/extensions/msjsdiag.debugger-for-chrome-4.12.6/node_modules/concat-map/test/map.js
/var/satellite/custom-files/.vscode/extensions/msjsdiag.debugger-for-chrome-4.12.6/node_modules/once
/var/satellite/custom-files/.vscode/extensions/msjsdiag.debugger-for-chrome-4.12.6/node_modules/once/LICENSE
/var/satellite/custom-files/.vscode/extensions/msjsdiag.debugger-for-chrome-4.12.6/node_modules/once/once.js
/var/satellite/custom-files/.vscode/extensions/msjsdiag.debugger-for-chrome-4.12.6/node_modules/once/package.json
/var/satellite/custom-files/.vscode/extensions/msjsdiag.debugger-for-chrome-4.12.6/node_modules/once/README.md
/var/satellite/custom-files/.vscode/extensions/msjsdiag.debugger-for-chrome-4.12.6/node_modules/path-is-absolute
/var/satellite/custom-files/.vscode/extensions/msjsdiag.debugger-for-chrome-4.12.6/node_modules/path-is-absolute/index.js
/var/satellite/custom-files/.vscode/extensions/msjsdiag.debugger-for-chrome-4.12.6/node_modules/path-is-absolute/license
/var/satellite/custom-files/.vscode/extensions/msjsdiag.debugger-for-chrome-4.12.6/node_modules/path-is-absolute/package.json
/var/satellite/custom-files/.vscode/extensions/msjsdiag.debugger-for-chrome-4.12.6/node_modules/path-is-absolute/readme.md
/var/satellite/custom-files/.vscode/extensions/msjsdiag.debugger-for-chrome-4.12.6/node_modules/noice-json-rpc
/var/satellite/custom-files/.vscode/extensions/msjsdiag.debugger-for-chrome-4.12.6/node_modules/noice-json-rpc/lib
/var/satellite/custom-files/.vscode/extensions/msjsdiag.debugger-for-chrome-4.12.6/node_modules/noice-json-rpc/lib/json-rpc2.js
/var/satellite/custom-files/.vscode/extensions/msjsdiag.debugger-for-chrome-4.12.6/node_modules/noice-json-rpc/lib/noice-json-rpc.js
/var/satellite/custom-files/.vscode/extensions/msjsdiag.debugger-for-chrome-4.12.6/node_modules/noice-json-rpc/LICENSE
/var/satellite/custom-files/.vscode/extensions/msjsdiag.debugger-for-chrome-4.12.6/node_modules/noice-json-rpc/package.json
/var/satellite/custom-files/.vscode/extensions/msjsdiag.debugger-for-chrome-4.12.6/node_modules/noice-json-rpc/README.md
/var/satellite/custom-files/.vscode/extensions/msjsdiag.debugger-for-chrome-4.12.6/node_modules/source-map
/var/satellite/custom-files/.vscode/extensions/msjsdiag.debugger-for-chrome-4.12.6/node_modules/source-map/CHANGELOG.md
/var/satellite/custom-files/.vscode/extensions/msjsdiag.debugger-for-chrome-4.12.6/node_modules/source-map/dist
/var/satellite/custom-files/.vscode/extensions/msjsdiag.debugger-for-chrome-4.12.6/node_modules/source-map/dist/source-map.debug.js
/var/satellite/custom-files/.vscode/extensions/msjsdiag.debugger-for-chrome-4.12.6/node_modules/source-map/dist/source-map.js
/var/satellite/custom-files/.vscode/extensions/msjsdiag.debugger-for-chrome-4.12.6/node_modules/source-map/dist/source-map.min.js
/var/satellite/custom-files/.vscode/extensions/msjsdiag.debugger-for-chrome-4.12.6/node_modules/source-map/lib
/var/satellite/custom-files/.vscode/extensions/msjsdiag.debugger-for-chrome-4.12.6/node_modules/source-map/lib/array-set.js
/var/satellite/custom-files/.vscode/extensions/msjsdiag.debugger-for-chrome-4.12.6/node_modules/source-map/lib/base64-vlq.js
/var/satellite/custom-files/.vscode/extensions/msjsdiag.debugger-for-chrome-4.12.6/node_modules/source-map/lib/base64.js
/var/satellite/custom-files/.vscode/extensions/msjsdiag.debugger-for-chrome-4.12.6/node_modules/source-map/lib/binary-search.js
/var/satellite/custom-files/.vscode/extensions/msjsdiag.debugger-for-chrome-4.12.6/node_modules/source-map/lib/mapping-list.js
/var/satellite/custom-files/.vscode/extensions/msjsdiag.debugger-for-chrome-4.12.6/node_modules/source-map/lib/quick-sort.js
/var/satellite/custom-files/.vscode/extensions/msjsdiag.debugger-for-chrome-4.12.6/node_modules/source-map/lib/source-map-consumer.js
/var/satellite/custom-files/.vscode/extensions/msjsdiag.debugger-for-chrome-4.12.6/node_modules/source-map/lib/source-map-generator.js
/var/satellite/custom-files/.vscode/extensions/msjsdiag.debugger-for-chrome-4.12.6/node_modules/source-map/lib/source-node.js
/var/satellite/custom-files/.vscode/extensions/msjsdiag.debugger-for-chrome-4.12.6/node_modules/source-map/lib/util.js
/var/satellite/custom-files/.vscode/extensions/msjsdiag.debugger-for-chrome-4.12.6/node_modules/source-map/LICENSE
/var/satellite/custom-files/.vscode/extensions/msjsdiag.debugger-for-chrome-4.12.6/node_modules/source-map/package.json
/var/satellite/custom-files/.vscode/extensions/msjsdiag.debugger-for-chrome-4.12.6/node_modules/source-map/README.md
/var/satellite/custom-files/.vscode/extensions/msjsdiag.debugger-for-chrome-4.12.6/node_modules/source-map/source-map.js
/var/satellite/custom-files/.vscode/extensions/msjsdiag.debugger-for-chrome-4.12.6/node_modules/vscode-debugprotocol
/var/satellite/custom-files/.vscode/extensions/msjsdiag.debugger-for-chrome-4.12.6/node_modules/vscode-debugprotocol/lib
/var/satellite/custom-files/.vscode/extensions/msjsdiag.debugger-for-chrome-4.12.6/node_modules/vscode-debugprotocol/lib/debugProtocol.js
/var/satellite/custom-files/.vscode/extensions/msjsdiag.debugger-for-chrome-4.12.6/node_modules/vscode-debugprotocol/LICENSE.txt
/var/satellite/custom-files/.vscode/extensions/msjsdiag.debugger-for-chrome-4.12.6/node_modules/vscode-debugprotocol/package.json
/var/satellite/custom-files/.vscode/extensions/msjsdiag.debugger-for-chrome-4.12.6/node_modules/vscode-debugprotocol/README.md
/var/satellite/custom-files/.vscode/extensions/msjsdiag.debugger-for-chrome-4.12.6/node_modules/vscode-uri
/var/satellite/custom-files/.vscode/extensions/msjsdiag.debugger-for-chrome-4.12.6/node_modules/vscode-uri/.travis.yml
/var/satellite/custom-files/.vscode/extensions/msjsdiag.debugger-for-chrome-4.12.6/node_modules/vscode-uri/.vscode
/var/satellite/custom-files/.vscode/extensions/msjsdiag.debugger-for-chrome-4.12.6/node_modules/vscode-uri/.vscode/settings.json
/var/satellite/custom-files/.vscode/extensions/msjsdiag.debugger-for-chrome-4.12.6/node_modules/vscode-uri/lib
/var/satellite/custom-files/.vscode/extensions/msjsdiag.debugger-for-chrome-4.12.6/node_modules/vscode-uri/lib/esm
/var/satellite/custom-files/.vscode/extensions/msjsdiag.debugger-for-chrome-4.12.6/node_modules/vscode-uri/lib/esm/index.js
/var/satellite/custom-files/.vscode/extensions/msjsdiag.debugger-for-chrome-4.12.6/node_modules/vscode-uri/lib/umd
/var/satellite/custom-files/.vscode/extensions/msjsdiag.debugger-for-chrome-4.12.6/node_modules/vscode-uri/lib/umd/index.js
/var/satellite/custom-files/.vscode/extensions/msjsdiag.debugger-for-chrome-4.12.6/node_modules/vscode-uri/LICENSE.md
/var/satellite/custom-files/.vscode/extensions/msjsdiag.debugger-for-chrome-4.12.6/node_modules/vscode-uri/package.json
/var/satellite/custom-files/.vscode/extensions/msjsdiag.debugger-for-chrome-4.12.6/node_modules/vscode-uri/README.md
/var/satellite/custom-files/.vscode/extensions/msjsdiag.debugger-for-chrome-4.12.6/node_modules/ws
/var/satellite/custom-files/.vscode/extensions/msjsdiag.debugger-for-chrome-4.12.6/node_modules/ws/browser.js
/var/satellite/custom-files/.vscode/extensions/msjsdiag.debugger-for-chrome-4.12.6/node_modules/ws/index.js
/var/satellite/custom-files/.vscode/extensions/msjsdiag.debugger-for-chrome-4.12.6/node_modules/ws/lib
/var/satellite/custom-files/.vscode/extensions/msjsdiag.debugger-for-chrome-4.12.6/node_modules/ws/lib/buffer-util.js
/var/satellite/custom-files/.vscode/extensions/msjsdiag.debugger-for-chrome-4.12.6/node_modules/ws/lib/constants.js
/var/satellite/custom-files/.vscode/extensions/msjsdiag.debugger-for-chrome-4.12.6/node_modules/ws/lib/event-target.js
/var/satellite/custom-files/.vscode/extensions/msjsdiag.debugger-for-chrome-4.12.6/node_modules/ws/lib/extension.js
/var/satellite/custom-files/.vscode/extensions/msjsdiag.debugger-for-chrome-4.12.6/node_modules/ws/lib/permessage-deflate.js
/var/satellite/custom-files/.vscode/extensions/msjsdiag.debugger-for-chrome-4.12.6/node_modules/ws/lib/receiver.js
/var/satellite/custom-files/.vscode/extensions/msjsdiag.debugger-for-chrome-4.12.6/node_modules/ws/lib/sender.js
/var/satellite/custom-files/.vscode/extensions/msjsdiag.debugger-for-chrome-4.12.6/node_modules/ws/lib/validation.js
/var/satellite/custom-files/.vscode/extensions/msjsdiag.debugger-for-chrome-4.12.6/node_modules/ws/lib/websocket-server.js
/var/satellite/custom-files/.vscode/extensions/msjsdiag.debugger-for-chrome-4.12.6/node_modules/ws/lib/websocket.js
/var/satellite/custom-files/.vscode/extensions/msjsdiag.debugger-for-chrome-4.12.6/node_modules/ws/LICENSE
/var/satellite/custom-files/.vscode/extensions/msjsdiag.debugger-for-chrome-4.12.6/node_modules/ws/package.json
/var/satellite/custom-files/.vscode/extensions/msjsdiag.debugger-for-chrome-4.12.6/node_modules/ws/README.md
/var/satellite/custom-files/.vscode/extensions/msjsdiag.debugger-for-chrome-4.12.6/node_modules/async-limiter
/var/satellite/custom-files/.vscode/extensions/msjsdiag.debugger-for-chrome-4.12.6/node_modules/async-limiter/.travis.yml
/var/satellite/custom-files/.vscode/extensions/msjsdiag.debugger-for-chrome-4.12.6/node_modules/async-limiter/coverage
/var/satellite/custom-files/.vscode/extensions/msjsdiag.debugger-for-chrome-4.12.6/node_modules/async-limiter/coverage/coverage.json
/var/satellite/custom-files/.vscode/extensions/msjsdiag.debugger-for-chrome-4.12.6/node_modules/async-limiter/coverage/lcov-report
/var/satellite/custom-files/.vscode/extensions/msjsdiag.debugger-for-chrome-4.12.6/node_modules/async-limiter/coverage/lcov-report/async-throttle
/var/satellite/custom-files/.vscode/extensions/msjsdiag.debugger-for-chrome-4.12.6/node_modules/async-limiter/coverage/lcov-report/async-throttle/index.html
/var/satellite/custom-files/.vscode/extensions/msjsdiag.debugger-for-chrome-4.12.6/node_modules/async-limiter/coverage/lcov-report/async-throttle/index.js.html
/var/satellite/custom-files/.vscode/extensions/msjsdiag.debugger-for-chrome-4.12.6/node_modules/async-limiter/coverage/lcov-report/base.css
/var/satellite/custom-files/.vscode/extensions/msjsdiag.debugger-for-chrome-4.12.6/node_modules/async-limiter/coverage/lcov-report/index.html
/var/satellite/custom-files/.vscode/extensions/msjsdiag.debugger-for-chrome-4.12.6/node_modules/async-limiter/coverage/lcov-report/prettify.css
/var/satellite/custom-files/.vscode/extensions/msjsdiag.debugger-for-chrome-4.12.6/node_modules/async-limiter/coverage/lcov-report/prettify.js
/var/satellite/custom-files/.vscode/extensions/msjsdiag.debugger-for-chrome-4.12.6/node_modules/async-limiter/coverage/lcov-report/sort-arrow-sprite.png
/var/satellite/custom-files/.vscode/extensions/msjsdiag.debugger-for-chrome-4.12.6/node_modules/async-limiter/coverage/lcov-report/sorter.js
/var/satellite/custom-files/.vscode/extensions/msjsdiag.debugger-for-chrome-4.12.6/node_modules/async-limiter/coverage/lcov.info
/var/satellite/custom-files/.vscode/extensions/msjsdiag.debugger-for-chrome-4.12.6/node_modules/async-limiter/index.js
/var/satellite/custom-files/.vscode/extensions/msjsdiag.debugger-for-chrome-4.12.6/node_modules/async-limiter/LICENSE
/var/satellite/custom-files/.vscode/extensions/msjsdiag.debugger-for-chrome-4.12.6/node_modules/async-limiter/package.json
/var/satellite/custom-files/.vscode/extensions/msjsdiag.debugger-for-chrome-4.12.6/node_modules/async-limiter/readme.md
/var/satellite/custom-files/.vscode/extensions/msjsdiag.debugger-for-chrome-4.12.6/node_modules/vscode-debugadapter
/var/satellite/custom-files/.vscode/extensions/msjsdiag.debugger-for-chrome-4.12.6/node_modules/vscode-debugadapter/lib
/var/satellite/custom-files/.vscode/extensions/msjsdiag.debugger-for-chrome-4.12.6/node_modules/vscode-debugadapter/lib/debugSession.js
/var/satellite/custom-files/.vscode/extensions/msjsdiag.debugger-for-chrome-4.12.6/node_modules/vscode-debugadapter/lib/handles.js
/var/satellite/custom-files/.vscode/extensions/msjsdiag.debugger-for-chrome-4.12.6/node_modules/vscode-debugadapter/lib/logger.js
/var/satellite/custom-files/.vscode/extensions/msjsdiag.debugger-for-chrome-4.12.6/node_modules/vscode-debugadapter/lib/loggingDebugSession.js
/var/satellite/custom-files/.vscode/extensions/msjsdiag.debugger-for-chrome-4.12.6/node_modules/vscode-debugadapter/lib/main.js
/var/satellite/custom-files/.vscode/extensions/msjsdiag.debugger-for-chrome-4.12.6/node_modules/vscode-debugadapter/lib/messages.js
/var/satellite/custom-files/.vscode/extensions/msjsdiag.debugger-for-chrome-4.12.6/node_modules/vscode-debugadapter/lib/protocol.js
/var/satellite/custom-files/.vscode/extensions/msjsdiag.debugger-for-chrome-4.12.6/node_modules/vscode-debugadapter/LICENSE.txt
/var/satellite/custom-files/.vscode/extensions/msjsdiag.debugger-for-chrome-4.12.6/node_modules/vscode-debugadapter/package.json
/var/satellite/custom-files/.vscode/extensions/msjsdiag.debugger-for-chrome-4.12.6/node_modules/vscode-debugadapter/README.md
/var/satellite/custom-files/.vscode/extensions/msjsdiag.debugger-for-chrome-4.12.6/node_modules/vscode-debugadapter/thirdpartynotices.txt
/var/satellite/custom-files/.vscode/extensions/msjsdiag.debugger-for-chrome-4.12.6/node_modules/mkdirp
/var/satellite/custom-files/.vscode/extensions/msjsdiag.debugger-for-chrome-4.12.6/node_modules/mkdirp/.travis.yml
/var/satellite/custom-files/.vscode/extensions/msjsdiag.debugger-for-chrome-4.12.6/node_modules/mkdirp/bin
/var/satellite/custom-files/.vscode/extensions/msjsdiag.debugger-for-chrome-4.12.6/node_modules/mkdirp/bin/cmd.js
/var/satellite/custom-files/.vscode/extensions/msjsdiag.debugger-for-chrome-4.12.6/node_modules/mkdirp/bin/usage.txt
/var/satellite/custom-files/.vscode/extensions/msjsdiag.debugger-for-chrome-4.12.6/node_modules/mkdirp/examples
/var/satellite/custom-files/.vscode/extensions/msjsdiag.debugger-for-chrome-4.12.6/node_modules/mkdirp/examples/pow.js
/var/satellite/custom-files/.vscode/extensions/msjsdiag.debugger-for-chrome-4.12.6/node_modules/mkdirp/index.js
/var/satellite/custom-files/.vscode/extensions/msjsdiag.debugger-for-chrome-4.12.6/node_modules/mkdirp/LICENSE
/var/satellite/custom-files/.vscode/extensions/msjsdiag.debugger-for-chrome-4.12.6/node_modules/mkdirp/package.json
/var/satellite/custom-files/.vscode/extensions/msjsdiag.debugger-for-chrome-4.12.6/node_modules/mkdirp/readme.markdown
/var/satellite/custom-files/.vscode/extensions/msjsdiag.debugger-for-chrome-4.12.6/node_modules/mkdirp/test
/var/satellite/custom-files/.vscode/extensions/msjsdiag.debugger-for-chrome-4.12.6/node_modules/mkdirp/test/chmod.js
/var/satellite/custom-files/.vscode/extensions/msjsdiag.debugger-for-chrome-4.12.6/node_modules/mkdirp/test/clobber.js
/var/satellite/custom-files/.vscode/extensions/msjsdiag.debugger-for-chrome-4.12.6/node_modules/mkdirp/test/mkdirp.js
/var/satellite/custom-files/.vscode/extensions/msjsdiag.debugger-for-chrome-4.12.6/node_modules/mkdirp/test/opts_fs_sync.js
/var/satellite/custom-files/.vscode/extensions/msjsdiag.debugger-for-chrome-4.12.6/node_modules/mkdirp/test/opts_fs.js
/var/satellite/custom-files/.vscode/extensions/msjsdiag.debugger-for-chrome-4.12.6/node_modules/mkdirp/test/perm_sync.js
/var/satellite/custom-files/.vscode/extensions/msjsdiag.debugger-for-chrome-4.12.6/node_modules/mkdirp/test/perm.js
/var/satellite/custom-files/.vscode/extensions/msjsdiag.debugger-for-chrome-4.12.6/node_modules/mkdirp/test/race.js
/var/satellite/custom-files/.vscode/extensions/msjsdiag.debugger-for-chrome-4.12.6/node_modules/mkdirp/test/rel.js
/var/satellite/custom-files/.vscode/extensions/msjsdiag.debugger-for-chrome-4.12.6/node_modules/mkdirp/test/return_sync.js
/var/satellite/custom-files/.vscode/extensions/msjsdiag.debugger-for-chrome-4.12.6/node_modules/mkdirp/test/return.js
/var/satellite/custom-files/.vscode/extensions/msjsdiag.debugger-for-chrome-4.12.6/node_modules/mkdirp/test/root.js
/var/satellite/custom-files/.vscode/extensions/msjsdiag.debugger-for-chrome-4.12.6/node_modules/mkdirp/test/sync.js
/var/satellite/custom-files/.vscode/extensions/msjsdiag.debugger-for-chrome-4.12.6/node_modules/mkdirp/test/umask_sync.js
/var/satellite/custom-files/.vscode/extensions/msjsdiag.debugger-for-chrome-4.12.6/node_modules/mkdirp/test/umask.js
/var/satellite/custom-files/.vscode/extensions/msjsdiag.debugger-for-chrome-4.12.6/node_modules/mkdirp/node_modules
/var/satellite/custom-files/.vscode/extensions/msjsdiag.debugger-for-chrome-4.12.6/node_modules/mkdirp/node_modules/minimist
/var/satellite/custom-files/.vscode/extensions/msjsdiag.debugger-for-chrome-4.12.6/node_modules/mkdirp/node_modules/minimist/.travis.yml
/var/satellite/custom-files/.vscode/extensions/msjsdiag.debugger-for-chrome-4.12.6/node_modules/mkdirp/node_modules/minimist/example
/var/satellite/custom-files/.vscode/extensions/msjsdiag.debugger-for-chrome-4.12.6/node_modules/mkdirp/node_modules/minimist/example/parse.js
/var/satellite/custom-files/.vscode/extensions/msjsdiag.debugger-for-chrome-4.12.6/node_modules/mkdirp/node_modules/minimist/index.js
/var/satellite/custom-files/.vscode/extensions/msjsdiag.debugger-for-chrome-4.12.6/node_modules/mkdirp/node_modules/minimist/LICENSE
/var/satellite/custom-files/.vscode/extensions/msjsdiag.debugger-for-chrome-4.12.6/node_modules/mkdirp/node_modules/minimist/package.json
/var/satellite/custom-files/.vscode/extensions/msjsdiag.debugger-for-chrome-4.12.6/node_modules/mkdirp/node_modules/minimist/readme.markdown
/var/satellite/custom-files/.vscode/extensions/msjsdiag.debugger-for-chrome-4.12.6/node_modules/mkdirp/node_modules/minimist/test
/var/satellite/custom-files/.vscode/extensions/msjsdiag.debugger-for-chrome-4.12.6/node_modules/mkdirp/node_modules/minimist/test/dash.js
/var/satellite/custom-files/.vscode/extensions/msjsdiag.debugger-for-chrome-4.12.6/node_modules/mkdirp/node_modules/minimist/test/default_bool.js
/var/satellite/custom-files/.vscode/extensions/msjsdiag.debugger-for-chrome-4.12.6/node_modules/mkdirp/node_modules/minimist/test/dotted.js
/var/satellite/custom-files/.vscode/extensions/msjsdiag.debugger-for-chrome-4.12.6/node_modules/mkdirp/node_modules/minimist/test/long.js
/var/satellite/custom-files/.vscode/extensions/msjsdiag.debugger-for-chrome-4.12.6/node_modules/mkdirp/node_modules/minimist/test/parse_modified.js
/var/satellite/custom-files/.vscode/extensions/msjsdiag.debugger-for-chrome-4.12.6/node_modules/mkdirp/node_modules/minimist/test/parse.js
/var/satellite/custom-files/.vscode/extensions/msjsdiag.debugger-for-chrome-4.12.6/node_modules/mkdirp/node_modules/minimist/test/short.js
/var/satellite/custom-files/.vscode/extensions/msjsdiag.debugger-for-chrome-4.12.6/node_modules/mkdirp/node_modules/minimist/test/whitespace.js
/var/satellite/custom-files/.vscode/extensions/msjsdiag.debugger-for-chrome-4.12.6/node_modules/vscode-nls
/var/satellite/custom-files/.vscode/extensions/msjsdiag.debugger-for-chrome-4.12.6/node_modules/vscode-nls/lib
/var/satellite/custom-files/.vscode/extensions/msjsdiag.debugger-for-chrome-4.12.6/node_modules/vscode-nls/lib/main.js
/var/satellite/custom-files/.vscode/extensions/msjsdiag.debugger-for-chrome-4.12.6/node_modules/vscode-nls/License.txt
/var/satellite/custom-files/.vscode/extensions/msjsdiag.debugger-for-chrome-4.12.6/node_modules/vscode-nls/package.json
/var/satellite/custom-files/.vscode/extensions/msjsdiag.debugger-for-chrome-4.12.6/node_modules/vscode-nls/README.md
/var/satellite/custom-files/.vscode/extensions/msjsdiag.debugger-for-chrome-4.12.6/node_modules/vscode-nls/ThirdPartyNotices.txt
/var/satellite/custom-files/AD_PasswdChange
